<?xml version="1.0" encoding="UTF-8"?>
<coverage generated="1770358846291" clover="3.2.0">
  <project timestamp="1770358846291" name="All files">
    <metrics statements="228" coveredstatements="202" conditionals="149" coveredconditionals="104" methods="61" coveredmethods="52" elements="438" coveredelements="358" complexity="0" loc="228" ncloc="228" packages="12" files="26" classes="26"/>
    <package name="mobile-app">
      <metrics statements="0" coveredstatements="0" conditionals="0" coveredconditionals="0" methods="0" coveredmethods="0"/>
      <file name="expo-env.d.ts" path="C:\Users\Leon\Documents\GitHub\SOEN-390-MakeSoft\mobile-app\expo-env.d.ts">
        <metrics statements="0" coveredstatements="0" conditionals="0" coveredconditionals="0" methods="0" coveredmethods="0"/>
      </file>
      <file name="tamagui.config.ts" path="C:\Users\Leon\Documents\GitHub\SOEN-390-MakeSoft\mobile-app\tamagui.config.ts">
        <metrics statements="0" coveredstatements="0" conditionals="0" coveredconditionals="0" methods="0" coveredmethods="0"/>
      </file>
    </package>
    <package name="mobile-app..expo.types">
      <metrics statements="0" coveredstatements="0" conditionals="0" coveredconditionals="0" methods="0" coveredmethods="0"/>
      <file name="router.d.ts" path="C:\Users\Leon\Documents\GitHub\SOEN-390-MakeSoft\mobile-app\.expo\types\router.d.ts">
        <metrics statements="0" coveredstatements="0" conditionals="0" coveredconditionals="0" methods="0" coveredmethods="0"/>
      </file>
    </package>
    <package name="mobile-app.app">
      <metrics statements="13" coveredstatements="13" conditionals="10" coveredconditionals="10" methods="5" coveredmethods="5"/>
      <file name="_layout.tsx" path="C:\Users\Leon\Documents\GitHub\SOEN-390-MakeSoft\mobile-app\app\_layout.tsx">
        <metrics statements="1" coveredstatements="1" conditionals="0" coveredconditionals="0" methods="1" coveredmethods="1"/>
        <line num="8" count="1" type="stmt"/>
      </file>
      <file name="index.tsx" path="C:\Users\Leon\Documents\GitHub\SOEN-390-MakeSoft\mobile-app\app\index.tsx">
        <metrics statements="3" coveredstatements="3" conditionals="0" coveredconditionals="0" methods="2" coveredmethods="2"/>
        <line num="7" count="4" type="stmt"/>
        <line num="9" count="4" type="stmt"/>
        <line num="56" count="2" type="stmt"/>
      </file>
      <file name="menu.tsx" path="C:\Users\Leon\Documents\GitHub\SOEN-390-MakeSoft\mobile-app\app\menu.tsx">
        <metrics statements="9" coveredstatements="9" conditionals="10" coveredconditionals="10" methods="2" coveredmethods="2"/>
        <line num="9" count="3" type="stmt"/>
        <line num="10" count="3" type="stmt"/>
        <line num="11" count="3" type="stmt"/>
        <line num="12" count="3" type="stmt"/>
        <line num="14" count="3" type="cond" truecount="2" falsecount="0"/>
        <line num="17" count="3" type="cond" truecount="2" falsecount="0"/>
        <line num="18" count="3" type="cond" truecount="2" falsecount="0"/>
        <line num="20" count="3" type="stmt"/>
        <line num="30" count="1" type="stmt"/>
      </file>
    </package>
    <package name="mobile-app.app.(tabs)">
      <metrics statements="2" coveredstatements="2" conditionals="0" coveredconditionals="0" methods="2" coveredmethods="2"/>
      <file name="Map.tsx" path="C:\Users\Leon\Documents\GitHub\SOEN-390-MakeSoft\mobile-app\app\(tabs)\Map.tsx">
        <metrics statements="1" coveredstatements="1" conditionals="0" coveredconditionals="0" methods="1" coveredmethods="1"/>
        <line num="5" count="1" type="stmt"/>
      </file>
      <file name="_layout.tsx" path="C:\Users\Leon\Documents\GitHub\SOEN-390-MakeSoft\mobile-app\app\(tabs)\_layout.tsx">
        <metrics statements="1" coveredstatements="1" conditionals="0" coveredconditionals="0" methods="1" coveredmethods="1"/>
        <line num="5" count="1" type="stmt"/>
      </file>
    </package>
    <package name="mobile-app.components">
      <metrics statements="153" coveredstatements="129" conditionals="90" coveredconditionals="59" methods="41" coveredmethods="32"/>
      <file name="CampusSwitch.tsx" path="C:\Users\Leon\Documents\GitHub\SOEN-390-MakeSoft\mobile-app\components\CampusSwitch.tsx">
        <metrics statements="6" coveredstatements="6" conditionals="10" coveredconditionals="9" methods="3" coveredmethods="3"/>
        <line num="11" count="23" type="stmt"/>
        <line num="12" count="23" type="cond" truecount="1" falsecount="1"/>
        <line num="14" count="23" type="stmt"/>
        <line num="17" count="1" type="stmt"/>
        <line num="27" count="1" type="stmt"/>
        <line num="40" count="2" type="stmt"/>
      </file>
      <file name="MapScreen.tsx" path="C:\Users\Leon\Documents\GitHub\SOEN-390-MakeSoft\mobile-app\components\MapScreen.tsx">
        <metrics statements="143" coveredstatements="119" conditionals="79" coveredconditionals="49" methods="35" coveredmethods="26"/>
        <line num="23" count="18" type="stmt"/>
        <line num="24" count="18" type="stmt"/>
        <line num="25" count="18" type="stmt"/>
        <line num="26" count="18" type="stmt"/>
        <line num="27" count="18" type="stmt"/>
        <line num="29" count="18" type="stmt"/>
        <line num="30" count="18" type="stmt"/>
        <line num="32" count="18" type="stmt"/>
        <line num="33" count="18" type="stmt"/>
        <line num="34" count="18" type="stmt"/>
        <line num="37" count="18" type="cond" truecount="1" falsecount="1"/>
        <line num="41" count="18" type="cond" truecount="1" falsecount="1"/>
        <line num="46" count="18" type="stmt"/>
        <line num="47" count="18" type="stmt"/>
        <line num="49" count="18" type="stmt"/>
        <line num="50" count="18" type="stmt"/>
        <line num="52" count="18" type="cond" truecount="1" falsecount="1"/>
        <line num="53" count="0" type="cond" truecount="0" falsecount="2"/>
        <line num="54" count="0" type="stmt"/>
        <line num="56" count="0" type="cond" truecount="0" falsecount="2"/>
        <line num="57" count="0" type="stmt"/>
        <line num="59" count="18" type="cond" truecount="1" falsecount="1"/>
        <line num="60" count="0" type="stmt"/>
        <line num="61" count="0" type="stmt"/>
        <line num="64" count="18" type="cond" truecount="3" falsecount="1"/>
        <line num="65" count="18" type="stmt"/>
        <line num="67" count="18" type="cond" truecount="3" falsecount="1"/>
        <line num="68" count="18" type="stmt"/>
        <line num="72" count="18" type="stmt"/>
        <line num="73" count="18" type="stmt"/>
        <line num="76" count="18" type="stmt"/>
        <line num="77" count="0" type="stmt"/>
        <line num="78" count="0" type="stmt"/>
        <line num="81" count="18" type="stmt"/>
        <line num="82" count="7" type="stmt"/>
        <line num="83" count="7" type="stmt"/>
        <line num="84" count="252" type="stmt"/>
        <line num="88" count="252" type="cond" truecount="2" falsecount="0"/>
        <line num="89" count="28" type="stmt"/>
        <line num="90" count="35" type="stmt"/>
        <line num="97" count="7" type="stmt"/>
        <line num="100" count="18" type="stmt"/>
        <line num="101" count="7" type="stmt"/>
        <line num="106" count="7" type="stmt"/>
        <line num="108" count="406" type="stmt"/>
        <line num="109" count="406" type="stmt"/>
        <line num="110" count="406" type="cond" truecount="3" falsecount="1"/>
        <line num="111" count="0" type="stmt"/>
        <line num="113" count="406" type="stmt"/>
        <line num="115" count="406" type="cond" truecount="2" falsecount="0"/>
        <line num="117" count="406" type="stmt"/>
        <line num="120" count="18" type="stmt"/>
        <line num="121" count="406" type="cond" truecount="2" falsecount="0"/>
        <line num="126" count="18" type="stmt"/>
        <line num="127" count="9" type="cond" truecount="2" falsecount="0"/>
        <line num="128" count="2" type="stmt"/>
        <line num="129" count="116" type="stmt"/>
        <line num="134" count="18" type="stmt"/>
        <line num="135" count="1" type="stmt"/>
        <line num="138" count="18" type="stmt"/>
        <line num="139" count="4" type="stmt"/>
        <line num="144" count="1" type="stmt"/>
        <line num="149" count="18" type="stmt"/>
        <line num="150" count="0" type="stmt"/>
        <line num="153" count="18" type="stmt"/>
        <line num="154" count="13" type="stmt"/>
        <line num="155" count="13" type="cond" truecount="2" falsecount="0"/>
        <line num="157" count="6" type="stmt"/>
        <line num="158" count="6" type="cond" truecount="2" falsecount="0"/>
        <line num="160" count="4" type="stmt"/>
        <line num="161" count="4" type="stmt"/>
        <line num="164" count="18" type="stmt"/>
        <line num="165" count="7" type="stmt"/>
        <line num="166" count="7" type="stmt"/>
        <line num="167" count="7" type="stmt"/>
        <line num="169" count="0" type="stmt"/>
        <line num="175" count="18" type="stmt"/>
        <line num="176" count="6" type="stmt"/>
        <line num="177" count="6" type="stmt"/>
        <line num="178" count="6" type="stmt"/>
        <line num="179" count="6" type="cond" truecount="2" falsecount="0"/>
        <line num="180" count="2" type="stmt"/>
        <line num="181" count="2" type="stmt"/>
        <line num="184" count="4" type="stmt"/>
        <line num="188" count="2" type="stmt"/>
        <line num="193" count="2" type="stmt"/>
        <line num="195" count="2" type="cond" truecount="1" falsecount="1"/>
        <line num="196" count="2" type="stmt"/>
        <line num="208" count="2" type="stmt"/>
        <line num="209" count="116" type="stmt"/>
        <line num="212" count="2" type="cond" truecount="1" falsecount="1"/>
        <line num="213" count="0" type="stmt"/>
        <line num="214" count="0" type="stmt"/>
        <line num="216" count="2" type="stmt"/>
        <line num="220" count="1" type="stmt"/>
        <line num="221" count="1" type="stmt"/>
        <line num="223" count="5" type="stmt"/>
        <line num="227" count="18" type="stmt"/>
        <line num="228" count="0" type="stmt"/>
        <line num="229" count="0" type="cond" truecount="0" falsecount="2"/>
        <line num="230" count="0" type="cond" truecount="0" falsecount="2"/>
        <line num="233" count="0" type="stmt"/>
        <line num="237" count="18" type="stmt"/>
        <line num="253" count="1044" type="stmt"/>
        <line num="254" count="1044" type="stmt"/>
        <line num="255" count="1044" type="stmt"/>
        <line num="263" count="0" type="stmt"/>
        <line num="267" count="0" type="stmt"/>
        <line num="300" count="18" type="stmt"/>
        <line num="423" count="0" type="stmt"/>
        <line num="427" count="18" type="stmt"/>
        <line num="428" count="18" type="stmt"/>
        <line num="429" count="18" type="cond" truecount="1" falsecount="1"/>
        <line num="430" count="0" type="stmt"/>
        <line num="431" count="0" type="cond" truecount="0" falsecount="2"/>
        <line num="432" count="0" type="stmt"/>
        <line num="435" count="18" type="stmt"/>
        <line num="436" count="0" type="stmt"/>
        <line num="456" count="232" type="stmt"/>
        <line num="458" count="232" type="stmt"/>
        <line num="459" count="3984" type="stmt"/>
        <line num="460" count="3984" type="stmt"/>
        <line num="461" count="3984" type="stmt"/>
        <line num="462" count="3984" type="stmt"/>
        <line num="465" count="3984" type="cond" truecount="1" falsecount="1"/>
        <line num="469" count="3984" type="cond" truecount="1" falsecount="1"/>
        <line num="472" count="232" type="stmt"/>
        <line num="476" count="1044" type="cond" truecount="1" falsecount="1"/>
        <line num="477" count="1044" type="stmt"/>
        <line num="478" count="17928" type="stmt"/>
        <line num="481" count="1044" type="stmt"/>
        <line num="485" count="406" type="stmt"/>
        <line num="486" count="406" type="cond" truecount="2" falsecount="0"/>
        <line num="490" count="693" type="stmt"/>
        <line num="494" count="36" type="cond" truecount="1" falsecount="1"/>
        <line num="495" count="36" type="stmt"/>
        <line num="496" count="36" type="cond" truecount="1" falsecount="1"/>
        <line num="497" count="36" type="cond" truecount="1" falsecount="1"/>
        <line num="498" count="36" type="stmt"/>
        <line num="499" count="36" type="stmt"/>
        <line num="500" count="36" type="stmt"/>
        <line num="501" count="36" type="stmt"/>
        <line num="504" count="1" type="stmt"/>
      </file>
      <file name="SearchBar.tsx" path="C:\Users\Leon\Documents\GitHub\SOEN-390-MakeSoft\mobile-app\components\SearchBar.tsx">
        <metrics statements="2" coveredstatements="2" conditionals="1" coveredconditionals="1" methods="1" coveredmethods="1"/>
        <line num="12" count="21" type="stmt"/>
        <line num="26" count="2" type="stmt"/>
      </file>
      <file name="themed-text.tsx" path="C:\Users\Leon\Documents\GitHub\SOEN-390-MakeSoft\mobile-app\components\themed-text.tsx">
        <metrics statements="1" coveredstatements="1" conditionals="0" coveredconditionals="0" methods="1" coveredmethods="1"/>
        <line num="9" count="2" type="stmt"/>
      </file>
      <file name="themed-view.tsx" path="C:\Users\Leon\Documents\GitHub\SOEN-390-MakeSoft\mobile-app\components\themed-view.tsx">
        <metrics statements="1" coveredstatements="1" conditionals="0" coveredconditionals="0" methods="1" coveredmethods="1"/>
        <line num="5" count="3" type="stmt"/>
      </file>
    </package>
    <package name="mobile-app.components.ui">
      <metrics statements="8" coveredstatements="8" conditionals="11" coveredconditionals="8" methods="5" coveredmethods="5"/>
      <file name="collapsible.tsx" path="C:\Users\Leon\Documents\GitHub\SOEN-390-MakeSoft\mobile-app\components\ui\collapsible.tsx">
        <metrics statements="5" coveredstatements="5" conditionals="8" coveredconditionals="6" methods="3" coveredmethods="3"/>
        <line num="11" count="2" type="stmt"/>
        <line num="12" count="2" type="cond" truecount="1" falsecount="1"/>
        <line num="14" count="2" type="stmt"/>
        <line num="18" count="1" type="stmt"/>
        <line num="35" count="1" type="stmt"/>
      </file>
      <file name="icon-symbol.ios.tsx" path="C:\Users\Leon\Documents\GitHub\SOEN-390-MakeSoft\mobile-app\components\ui\icon-symbol.ios.tsx">
        <metrics statements="1" coveredstatements="1" conditionals="2" coveredconditionals="1" methods="1" coveredmethods="1"/>
        <line num="18" count="1" type="stmt"/>
      </file>
      <file name="icon-symbol.tsx" path="C:\Users\Leon\Documents\GitHub\SOEN-390-MakeSoft\mobile-app\components\ui\icon-symbol.tsx">
        <metrics statements="2" coveredstatements="2" conditionals="1" coveredconditionals="1" methods="1" coveredmethods="1"/>
        <line num="16" count="1" type="stmt"/>
        <line num="40" count="1" type="stmt"/>
      </file>
    </package>
    <package name="mobile-app.constants">
      <metrics statements="4" coveredstatements="4" conditionals="0" coveredconditionals="0" methods="0" coveredmethods="0"/>
      <file name="theme.ts" path="C:\Users\Leon\Documents\GitHub\SOEN-390-MakeSoft\mobile-app\constants\theme.ts">
        <metrics statements="4" coveredstatements="4" conditionals="0" coveredconditionals="0" methods="0" coveredmethods="0"/>
        <line num="8" count="2" type="stmt"/>
        <line num="9" count="2" type="stmt"/>
        <line num="11" count="2" type="stmt"/>
        <line num="30" count="2" type="stmt"/>
      </file>
    </package>
    <package name="mobile-app.context">
      <metrics statements="9" coveredstatements="9" conditionals="2" coveredconditionals="2" methods="3" coveredmethods="3"/>
      <file name="settings.tsx" path="C:\Users\Leon\Documents\GitHub\SOEN-390-MakeSoft\mobile-app\context\settings.tsx">
        <metrics statements="9" coveredstatements="9" conditionals="2" coveredconditionals="2" methods="3" coveredmethods="3"/>
        <line num="8" count="3" type="stmt"/>
        <line num="11" count="9" type="stmt"/>
        <line num="13" count="9" type="stmt"/>
        <line num="14" count="9" type="stmt"/>
        <line num="18" count="9" type="stmt"/>
        <line num="22" count="22" type="stmt"/>
        <line num="23" count="21" type="cond" truecount="2" falsecount="0"/>
        <line num="24" count="2" type="stmt"/>
        <line num="26" count="19" type="stmt"/>
      </file>
    </package>
    <package name="mobile-app.data">
      <metrics statements="3" coveredstatements="3" conditionals="0" coveredconditionals="0" methods="0" coveredmethods="0"/>
      <file name="building-addresses.ts" path="C:\Users\Leon\Documents\GitHub\SOEN-390-MakeSoft\mobile-app\data\building-addresses.ts">
        <metrics statements="1" coveredstatements="1" conditionals="0" coveredconditionals="0" methods="0" coveredmethods="0"/>
        <line num="10" count="1" type="stmt"/>
      </file>
      <file name="buildingPolygons.ts" path="C:\Users\Leon\Documents\GitHub\SOEN-390-MakeSoft\mobile-app\data\buildingPolygons.ts">
        <metrics statements="1" coveredstatements="1" conditionals="0" coveredconditionals="0" methods="0" coveredmethods="0"/>
        <line num="1" count="1" type="stmt"/>
      </file>
      <file name="buildingPolygonsLoyola.ts" path="C:\Users\Leon\Documents\GitHub\SOEN-390-MakeSoft\mobile-app\data\buildingPolygonsLoyola.ts">
        <metrics statements="1" coveredstatements="1" conditionals="0" coveredconditionals="0" methods="0" coveredmethods="0"/>
        <line num="5" count="1" type="stmt"/>
      </file>
    </package>
    <package name="mobile-app.hooks">
      <metrics statements="12" coveredstatements="11" conditionals="6" coveredconditionals="4" methods="3" coveredmethods="3"/>
      <file name="use-color-scheme.ts" path="C:\Users\Leon\Documents\GitHub\SOEN-390-MakeSoft\mobile-app\hooks\use-color-scheme.ts">
        <metrics statements="0" coveredstatements="0" conditionals="0" coveredconditionals="0" methods="0" coveredmethods="0"/>
      </file>
      <file name="use-color-scheme.web.ts" path="C:\Users\Leon\Documents\GitHub\SOEN-390-MakeSoft\mobile-app\hooks\use-color-scheme.web.ts">
        <metrics statements="7" coveredstatements="7" conditionals="2" coveredconditionals="2" methods="2" coveredmethods="2"/>
        <line num="8" count="2" type="stmt"/>
        <line num="10" count="2" type="stmt"/>
        <line num="11" count="1" type="stmt"/>
        <line num="14" count="2" type="stmt"/>
        <line num="16" count="2" type="cond" truecount="2" falsecount="0"/>
        <line num="17" count="1" type="stmt"/>
        <line num="20" count="1" type="stmt"/>
      </file>
      <file name="use-theme-color.ts" path="C:\Users\Leon\Documents\GitHub\SOEN-390-MakeSoft\mobile-app\hooks\use-theme-color.ts">
        <metrics statements="5" coveredstatements="4" conditionals="4" coveredconditionals="2" methods="1" coveredmethods="1"/>
        <line num="13" count="2" type="cond" truecount="1" falsecount="1"/>
        <line num="14" count="2" type="stmt"/>
        <line num="16" count="2" type="cond" truecount="1" falsecount="1"/>
        <line num="17" count="2" type="stmt"/>
        <line num="19" count="0" type="stmt"/>
      </file>
    </package>
    <package name="mobile-app.services">
      <metrics statements="23" coveredstatements="22" conditionals="30" coveredconditionals="21" methods="2" coveredmethods="2"/>
      <file name="api.ts" path="C:\Users\Leon\Documents\GitHub\SOEN-390-MakeSoft\mobile-app\services\api.ts">
        <metrics statements="23" coveredstatements="22" conditionals="30" coveredconditionals="21" methods="2" coveredmethods="2"/>
        <line num="12" count="4" type="cond" truecount="3" falsecount="2"/>
        <line num="14" count="4" type="stmt"/>
        <line num="15" count="4" type="stmt"/>
        <line num="18" count="4" type="cond" truecount="4" falsecount="0"/>
        <line num="22" count="4" type="stmt"/>
        <line num="23" count="4" type="cond" truecount="1" falsecount="1"/>
        <line num="25" count="4" type="cond" truecount="4" falsecount="1"/>
        <line num="26" count="1" type="stmt"/>
        <line num="28" count="3" type="cond" truecount="4" falsecount="0"/>
        <line num="29" count="2" type="cond" truecount="3" falsecount="1"/>
        <line num="31" count="0" type="cond" truecount="0" falsecount="2"/>
        <line num="37" count="4" type="stmt"/>
        <line num="39" count="4" type="stmt"/>
        <line num="47" count="4" type="stmt"/>
        <line num="48" count="2" type="stmt"/>
        <line num="49" count="2" type="stmt"/>
        <line num="50" count="2" type="stmt"/>
        <line num="51" count="1" type="stmt"/>
        <line num="53" count="1" type="stmt"/>
        <line num="55" count="1" type="stmt"/>
        <line num="56" count="1" type="cond" truecount="1" falsecount="1"/>
        <line num="57" count="1" type="stmt"/>
        <line num="59" count="1" type="stmt"/>
      </file>
    </package>
    <package name="mobile-app.src.data">
      <metrics statements="1" coveredstatements="1" conditionals="0" coveredconditionals="0" methods="0" coveredmethods="0"/>
      <file name="buildingPolygons.ts" path="C:\Users\Leon\Documents\GitHub\SOEN-390-MakeSoft\mobile-app\src\data\buildingPolygons.ts">
        <metrics statements="1" coveredstatements="1" conditionals="0" coveredconditionals="0" methods="0" coveredmethods="0"/>
        <line num="5" count="1" type="stmt"/>
      </file>
    </package>
  </project>
</coverage>
