{"C:\\Users\\Leon\\Documents\\GitHub\\SOEN-390-MakeSoft\\mobile-app\\expo-env.d.ts": {"path":"C:\\Users\\Leon\\Documents\\GitHub\\SOEN-390-MakeSoft\\mobile-app\\expo-env.d.ts","statementMap":{},"fnMap":{},"branchMap":{},"s":{},"f":{},"b":{}}
,"C:\\Users\\Leon\\Documents\\GitHub\\SOEN-390-MakeSoft\\mobile-app\\tamagui.config.ts": {"path":"C:\\Users\\Leon\\Documents\\GitHub\\SOEN-390-MakeSoft\\mobile-app\\tamagui.config.ts","statementMap":{},"fnMap":{},"branchMap":{},"s":{},"f":{},"b":{},"_coverageSchema":"1a1c01bbd47fc00a2c39e90264f33305004495a9","hash":"3bca9108b6185e15af3d3aa9f95c3ab6fa5bf0c1"}
,"C:\\Users\\Leon\\Documents\\GitHub\\SOEN-390-MakeSoft\\mobile-app\\.expo\\types\\router.d.ts": {"path":"C:\\Users\\Leon\\Documents\\GitHub\\SOEN-390-MakeSoft\\mobile-app\\.expo\\types\\router.d.ts","statementMap":{},"fnMap":{},"branchMap":{},"s":{},"f":{},"b":{}}
,"C:\\Users\\Leon\\Documents\\GitHub\\SOEN-390-MakeSoft\\mobile-app\\app\\_layout.tsx": {"path":"C:\\Users\\Leon\\Documents\\GitHub\\SOEN-390-MakeSoft\\mobile-app\\app\\_layout.tsx","statementMap":{"0":{"start":{"line":8,"column":2},"end":{"line":22,"column":3}}},"fnMap":{"0":{"name":"RootLayout","decl":{"start":{"line":7,"column":24},"end":{"line":7,"column":34}},"loc":{"start":{"line":7,"column":37},"end":{"line":23,"column":1}},"line":7}},"branchMap":{},"s":{"0":1},"f":{"0":1},"b":{},"_coverageSchema":"1a1c01bbd47fc00a2c39e90264f33305004495a9","hash":"dfa969640d67ca43a61e3f8c718268ea1d43256f"}
,"C:\\Users\\Leon\\Documents\\GitHub\\SOEN-390-MakeSoft\\mobile-app\\app\\index.tsx": {"path":"C:\\Users\\Leon\\Documents\\GitHub\\SOEN-390-MakeSoft\\mobile-app\\app\\index.tsx","statementMap":{"0":{"start":{"line":7,"column":17},"end":{"line":7,"column":28}},"1":{"start":{"line":9,"column":2},"end":{"line":62,"column":3}},"2":{"start":{"line":56,"column":25},"end":{"line":56,"column":53}}},"fnMap":{"0":{"name":"WelcomeScreen","decl":{"start":{"line":6,"column":24},"end":{"line":6,"column":37}},"loc":{"start":{"line":6,"column":40},"end":{"line":63,"column":1}},"line":6},"1":{"name":"(anonymous_1)","decl":{"start":{"line":56,"column":19},"end":{"line":56,"column":20}},"loc":{"start":{"line":56,"column":25},"end":{"line":56,"column":53}},"line":56}},"branchMap":{},"s":{"0":4,"1":4,"2":2},"f":{"0":4,"1":2},"b":{},"_coverageSchema":"1a1c01bbd47fc00a2c39e90264f33305004495a9","hash":"6b2a009de93627ba10966c6fc478554fde551cf4"}
,"C:\\Users\\Leon\\Documents\\GitHub\\SOEN-390-MakeSoft\\mobile-app\\app\\menu.tsx": {"path":"C:\\Users\\Leon\\Documents\\GitHub\\SOEN-390-MakeSoft\\mobile-app\\app\\menu.tsx","statementMap":{"0":{"start":{"line":9,"column":19},"end":{"line":9,"column":30}},"1":{"start":{"line":10,"column":18},"end":{"line":10,"column":28}},"2":{"start":{"line":11,"column":52},"end":{"line":11,"column":65}},"3":{"start":{"line":12,"column":23},"end":{"line":12,"column":44}},"4":{"start":{"line":14,"column":8},"end":{"line":16,"column":53}},"5":{"start":{"line":17,"column":16},"end":{"line":17,"column":57}},"6":{"start":{"line":18,"column":29},"end":{"line":18,"column":62}},"7":{"start":{"line":20,"column":4},"end":{"line":74,"column":6}},"8":{"start":{"line":30,"column":35},"end":{"line":30,"column":48}}},"fnMap":{"0":{"name":"MenuScreen","decl":{"start":{"line":8,"column":24},"end":{"line":8,"column":34}},"loc":{"start":{"line":8,"column":37},"end":{"line":75,"column":1}},"line":8},"1":{"name":"(anonymous_1)","decl":{"start":{"line":30,"column":29},"end":{"line":30,"column":30}},"loc":{"start":{"line":30,"column":35},"end":{"line":30,"column":48}},"line":30}},"branchMap":{"0":{"loc":{"start":{"line":14,"column":8},"end":{"line":16,"column":53}},"type":"cond-expr","locations":[{"start":{"line":15,"column":14},"end":{"line":15,"column":53}},{"start":{"line":16,"column":14},"end":{"line":16,"column":53}}],"line":14},"1":{"loc":{"start":{"line":17,"column":16},"end":{"line":17,"column":57}},"type":"cond-expr","locations":[{"start":{"line":17,"column":29},"end":{"line":17,"column":45}},{"start":{"line":17,"column":48},"end":{"line":17,"column":57}}],"line":17},"2":{"loc":{"start":{"line":18,"column":29},"end":{"line":18,"column":62}},"type":"cond-expr","locations":[{"start":{"line":18,"column":47},"end":{"line":18,"column":50}},{"start":{"line":18,"column":53},"end":{"line":18,"column":62}}],"line":18},"3":{"loc":{"start":{"line":37,"column":31},"end":{"line":37,"column":72}},"type":"cond-expr","locations":[{"start":{"line":37,"column":44},"end":{"line":37,"column":60}},{"start":{"line":37,"column":63},"end":{"line":37,"column":72}}],"line":37},"4":{"loc":{"start":{"line":51,"column":35},"end":{"line":51,"column":76}},"type":"cond-expr","locations":[{"start":{"line":51,"column":48},"end":{"line":51,"column":64}},{"start":{"line":51,"column":67},"end":{"line":51,"column":76}}],"line":51}},"s":{"0":3,"1":3,"2":3,"3":3,"4":3,"5":3,"6":3,"7":3,"8":1},"f":{"0":3,"1":1},"b":{"0":[2,1],"1":[2,1],"2":[1,2],"3":[2,1],"4":[2,1]},"_coverageSchema":"1a1c01bbd47fc00a2c39e90264f33305004495a9","hash":"bd27370136a4cc032de876242ba9769db72ccf8a"}
,"C:\\Users\\Leon\\Documents\\GitHub\\SOEN-390-MakeSoft\\mobile-app\\app\\(tabs)\\Map.tsx": {"path":"C:\\Users\\Leon\\Documents\\GitHub\\SOEN-390-MakeSoft\\mobile-app\\app\\(tabs)\\Map.tsx","statementMap":{"0":{"start":{"line":5,"column":2},"end":{"line":5,"column":23}}},"fnMap":{"0":{"name":"Map","decl":{"start":{"line":4,"column":24},"end":{"line":4,"column":27}},"loc":{"start":{"line":4,"column":30},"end":{"line":6,"column":1}},"line":4}},"branchMap":{},"s":{"0":1},"f":{"0":1},"b":{},"_coverageSchema":"1a1c01bbd47fc00a2c39e90264f33305004495a9","hash":"b69eaf811dfd392d740028e850c1e2a7564115d4"}
,"C:\\Users\\Leon\\Documents\\GitHub\\SOEN-390-MakeSoft\\mobile-app\\app\\(tabs)\\_layout.tsx": {"path":"C:\\Users\\Leon\\Documents\\GitHub\\SOEN-390-MakeSoft\\mobile-app\\app\\(tabs)\\_layout.tsx","statementMap":{"0":{"start":{"line":5,"column":2},"end":{"line":9,"column":3}}},"fnMap":{"0":{"name":"TabsLayout","decl":{"start":{"line":4,"column":24},"end":{"line":4,"column":34}},"loc":{"start":{"line":4,"column":37},"end":{"line":10,"column":1}},"line":4}},"branchMap":{},"s":{"0":1},"f":{"0":1},"b":{},"_coverageSchema":"1a1c01bbd47fc00a2c39e90264f33305004495a9","hash":"9d82f21baef07e66234b19f76d25dec3865aceb6"}
,"C:\\Users\\Leon\\Documents\\GitHub\\SOEN-390-MakeSoft\\mobile-app\\components\\CampusSwitch.tsx": {"path":"C:\\Users\\Leon\\Documents\\GitHub\\SOEN-390-MakeSoft\\mobile-app\\components\\CampusSwitch.tsx","statementMap":{"0":{"start":{"line":11,"column":18},"end":{"line":11,"column":28}},"1":{"start":{"line":12,"column":24},"end":{"line":12,"column":65}},"2":{"start":{"line":14,"column":4},"end":{"line":37,"column":6}},"3":{"start":{"line":17,"column":31},"end":{"line":17,"column":52}},"4":{"start":{"line":27,"column":31},"end":{"line":27,"column":55}},"5":{"start":{"line":40,"column":15},"end":{"line":71,"column":2}}},"fnMap":{"0":{"name":"CampusSwitch","decl":{"start":{"line":10,"column":24},"end":{"line":10,"column":36}},"loc":{"start":{"line":10,"column":92},"end":{"line":38,"column":1}},"line":10},"1":{"name":"(anonymous_1)","decl":{"start":{"line":17,"column":25},"end":{"line":17,"column":26}},"loc":{"start":{"line":17,"column":31},"end":{"line":17,"column":52}},"line":17},"2":{"name":"(anonymous_2)","decl":{"start":{"line":27,"column":25},"end":{"line":27,"column":26}},"loc":{"start":{"line":27,"column":31},"end":{"line":27,"column":55}},"line":27}},"branchMap":{"0":{"loc":{"start":{"line":12,"column":24},"end":{"line":12,"column":65}},"type":"cond-expr","locations":[{"start":{"line":12,"column":37},"end":{"line":12,"column":53}},{"start":{"line":12,"column":56},"end":{"line":12,"column":65}}],"line":12},"1":{"loc":{"start":{"line":21,"column":20},"end":{"line":21,"column":80}},"type":"binary-expr","locations":[{"start":{"line":21,"column":20},"end":{"line":21,"column":44}},{"start":{"line":21,"column":48},"end":{"line":21,"column":80}}],"line":21},"2":{"loc":{"start":{"line":24,"column":43},"end":{"line":24,"column":88}},"type":"binary-expr","locations":[{"start":{"line":24,"column":43},"end":{"line":24,"column":67}},{"start":{"line":24,"column":71},"end":{"line":24,"column":88}}],"line":24},"3":{"loc":{"start":{"line":31,"column":20},"end":{"line":31,"column":83}},"type":"binary-expr","locations":[{"start":{"line":31,"column":20},"end":{"line":31,"column":47}},{"start":{"line":31,"column":51},"end":{"line":31,"column":83}}],"line":31},"4":{"loc":{"start":{"line":34,"column":43},"end":{"line":34,"column":91}},"type":"binary-expr","locations":[{"start":{"line":34,"column":43},"end":{"line":34,"column":70}},{"start":{"line":34,"column":74},"end":{"line":34,"column":91}}],"line":34}},"s":{"0":23,"1":23,"2":23,"3":1,"4":1,"5":2},"f":{"0":23,"1":1,"2":1},"b":{"0":[23,0],"1":[23,21],"2":[23,21],"3":[23,2],"4":[23,2]},"_coverageSchema":"1a1c01bbd47fc00a2c39e90264f33305004495a9","hash":"f797ca7ec5bc408a95a1af6759d203b6a4a67f32"}
,"C:\\Users\\Leon\\Documents\\GitHub\\SOEN-390-MakeSoft\\mobile-app\\components\\MapScreen.tsx": {"path":"C:\\Users\\Leon\\Documents\\GitHub\\SOEN-390-MakeSoft\\mobile-app\\components\\MapScreen.tsx","statementMap":{"0":{"start":{"line":23,"column":19},"end":{"line":23,"column":40}},"1":{"start":{"line":24,"column":40},"end":{"line":24,"column":55}},"2":{"start":{"line":25,"column":56},"end":{"line":25,"column":85}},"3":{"start":{"line":26,"column":32},"end":{"line":26,"column":45}},"4":{"start":{"line":27,"column":19},"end":{"line":27,"column":30}},"5":{"start":{"line":29,"column":42},"end":{"line":29,"column":54}},"6":{"start":{"line":30,"column":48},"end":{"line":30,"column":81}},"7":{"start":{"line":32,"column":30},"end":{"line":32,"column":51}},"8":{"start":{"line":33,"column":27},"end":{"line":33,"column":66}},"9":{"start":{"line":34,"column":25},"end":{"line":34,"column":73}},"10":{"start":{"line":37,"column":8},"end":{"line":39,"column":53}},"11":{"start":{"line":41,"column":8},"end":{"line":43,"column":51}},"12":{"start":{"line":46,"column":44},"end":{"line":46,"column":73}},"13":{"start":{"line":47,"column":18},"end":{"line":47,"column":28}},"14":{"start":{"line":49,"column":26},"end":{"line":49,"column":28}},"15":{"start":{"line":50,"column":28},"end":{"line":50,"column":30}},"16":{"start":{"line":52,"column":4},"end":{"line":62,"column":5}},"17":{"start":{"line":53,"column":8},"end":{"line":55,"column":9}},"18":{"start":{"line":54,"column":12},"end":{"line":54,"column":55}},"19":{"start":{"line":56,"column":8},"end":{"line":58,"column":9}},"20":{"start":{"line":57,"column":12},"end":{"line":57,"column":57}},"21":{"start":{"line":59,"column":11},"end":{"line":62,"column":5}},"22":{"start":{"line":60,"column":8},"end":{"line":60,"column":54}},"23":{"start":{"line":61,"column":8},"end":{"line":61,"column":56}},"24":{"start":{"line":64,"column":4},"end":{"line":66,"column":5}},"25":{"start":{"line":65,"column":8},"end":{"line":65,"column":43}},"26":{"start":{"line":67,"column":4},"end":{"line":69,"column":5}},"27":{"start":{"line":68,"column":8},"end":{"line":68,"column":45}},"28":{"start":{"line":72,"column":24},"end":{"line":72,"column":52}},"29":{"start":{"line":73,"column":32},"end":{"line":73,"column":60}},"30":{"start":{"line":76,"column":33},"end":{"line":79,"column":5}},"31":{"start":{"line":77,"column":8},"end":{"line":77,"column":34}},"32":{"start":{"line":78,"column":8},"end":{"line":78,"column":86}},"33":{"start":{"line":78,"column":75},"end":{"line":78,"column":84}},"34":{"start":{"line":81,"column":26},"end":{"line":98,"column":10}},"35":{"start":{"line":82,"column":23},"end":{"line":82,"column":75}},"36":{"start":{"line":83,"column":8},"end":{"line":96,"column":9}},"37":{"start":{"line":84,"column":12},"end":{"line":87,"column":15}},"38":{"start":{"line":88,"column":12},"end":{"line":95,"column":13}},"39":{"start":{"line":89,"column":16},"end":{"line":94,"column":17}},"40":{"start":{"line":90,"column":20},"end":{"line":93,"column":23}},"41":{"start":{"line":97,"column":8},"end":{"line":97,"column":22}},"42":{"start":{"line":100,"column":22},"end":{"line":118,"column":23}},"43":{"start":{"line":101,"column":28},"end":{"line":104,"column":9}},"44":{"start":{"line":106,"column":8},"end":{"line":117,"column":63}},"45":{"start":{"line":108,"column":31},"end":{"line":108,"column":77}},"46":{"start":{"line":109,"column":30},"end":{"line":109,"column":51}},"47":{"start":{"line":110,"column":16},"end":{"line":112,"column":17}},"48":{"start":{"line":111,"column":20},"end":{"line":111,"column":45}},"49":{"start":{"line":113,"column":27},"end":{"line":113,"column":38}},"50":{"start":{"line":115,"column":16},"end":{"line":115,"column":87}},"51":{"start":{"line":117,"column":34},"end":{"line":117,"column":61}},"52":{"start":{"line":120,"column":29},"end":{"line":123,"column":5}},"53":{"start":{"line":121,"column":14},"end":{"line":121,"column":72}},"54":{"start":{"line":121,"column":36},"end":{"line":121,"column":63}},"55":{"start":{"line":126,"column":34},"end":{"line":131,"column":33}},"56":{"start":{"line":127,"column":8},"end":{"line":127,"column":40}},"57":{"start":{"line":127,"column":27},"end":{"line":127,"column":40}},"58":{"start":{"line":128,"column":8},"end":{"line":130,"column":10}},"59":{"start":{"line":129,"column":12},"end":{"line":129,"column":53}},"60":{"start":{"line":134,"column":28},"end":{"line":136,"column":5}},"61":{"start":{"line":135,"column":8},"end":{"line":135,"column":37}},"62":{"start":{"line":138,"column":33},"end":{"line":147,"column":5}},"63":{"start":{"line":139,"column":8},"end":{"line":146,"column":10}},"64":{"start":{"line":144,"column":58},"end":{"line":144,"column":81}},"65":{"start":{"line":149,"column":27},"end":{"line":151,"column":5}},"66":{"start":{"line":150,"column":8},"end":{"line":150,"column":29}},"67":{"start":{"line":153,"column":37},"end":{"line":162,"column":5}},"68":{"start":{"line":154,"column":24},"end":{"line":154,"column":70}},"69":{"start":{"line":155,"column":8},"end":{"line":155,"column":54}},"70":{"start":{"line":155,"column":42},"end":{"line":155,"column":54}},"71":{"start":{"line":157,"column":26},"end":{"line":157,"column":76}},"72":{"start":{"line":158,"column":8},"end":{"line":158,"column":56}},"73":{"start":{"line":158,"column":44},"end":{"line":158,"column":56}},"74":{"start":{"line":160,"column":8},"end":{"line":160,"column":31}},"75":{"start":{"line":161,"column":8},"end":{"line":161,"column":21}},"76":{"start":{"line":164,"column":4},"end":{"line":173,"column":11}},"77":{"start":{"line":165,"column":8},"end":{"line":171,"column":13}},"78":{"start":{"line":166,"column":12},"end":{"line":170,"column":13}},"79":{"start":{"line":167,"column":16},"end":{"line":167,"column":49}},"80":{"start":{"line":169,"column":16},"end":{"line":169,"column":58}},"81":{"start":{"line":175,"column":29},"end":{"line":225,"column":5}},"82":{"start":{"line":176,"column":8},"end":{"line":176,"column":28}},"83":{"start":{"line":177,"column":8},"end":{"line":224,"column":9}},"84":{"start":{"line":178,"column":23},"end":{"line":178,"column":55}},"85":{"start":{"line":179,"column":12},"end":{"line":182,"column":13}},"86":{"start":{"line":180,"column":16},"end":{"line":180,"column":37}},"87":{"start":{"line":181,"column":16},"end":{"line":181,"column":23}},"88":{"start":{"line":184,"column":29},"end":{"line":186,"column":14}},"89":{"start":{"line":188,"column":33},"end":{"line":191,"column":13}},"90":{"start":{"line":193,"column":12},"end":{"line":193,"column":42}},"91":{"start":{"line":195,"column":12},"end":{"line":205,"column":13}},"92":{"start":{"line":196,"column":16},"end":{"line":204,"column":18}},"93":{"start":{"line":208,"column":35},"end":{"line":210,"column":13}},"94":{"start":{"line":209,"column":16},"end":{"line":209,"column":57}},"95":{"start":{"line":212,"column":12},"end":{"line":217,"column":13}},"96":{"start":{"line":213,"column":16},"end":{"line":213,"column":57}},"97":{"start":{"line":214,"column":16},"end":{"line":214,"column":71}},"98":{"start":{"line":216,"column":16},"end":{"line":216,"column":44}},"99":{"start":{"line":220,"column":12},"end":{"line":220,"column":56}},"100":{"start":{"line":221,"column":12},"end":{"line":221,"column":65}},"101":{"start":{"line":223,"column":12},"end":{"line":223,"column":33}},"102":{"start":{"line":227,"column":31},"end":{"line":235,"column":5}},"103":{"start":{"line":228,"column":8},"end":{"line":228,"column":34}},"104":{"start":{"line":229,"column":8},"end":{"line":234,"column":9}},"105":{"start":{"line":230,"column":27},"end":{"line":232,"column":105}},"106":{"start":{"line":233,"column":12},"end":{"line":233,"column":56}},"107":{"start":{"line":237,"column":4},"end":{"line":447,"column":6}},"108":{"start":{"line":253,"column":37},"end":{"line":253,"column":70}},"109":{"start":{"line":254,"column":39},"end":{"line":254,"column":73}},"110":{"start":{"line":255,"column":20},"end":{"line":272,"column":22}},"111":{"start":{"line":263,"column":47},"end":{"line":263,"column":80}},"112":{"start":{"line":267,"column":47},"end":{"line":267,"column":80}},"113":{"start":{"line":300,"column":40},"end":{"line":313,"column":17}},"114":{"start":{"line":423,"column":38},"end":{"line":423,"column":65}},"115":{"start":{"line":427,"column":41},"end":{"line":427,"column":43}},"116":{"start":{"line":428,"column":43},"end":{"line":428,"column":64}},"117":{"start":{"line":429,"column":24},"end":{"line":434,"column":25}},"118":{"start":{"line":430,"column":28},"end":{"line":430,"column":63}},"119":{"start":{"line":431,"column":28},"end":{"line":433,"column":29}},"120":{"start":{"line":432,"column":32},"end":{"line":432,"column":72}},"121":{"start":{"line":435,"column":24},"end":{"line":442,"column":26}},"122":{"start":{"line":436,"column":70},"end":{"line":436,"column":97}},"123":{"start":{"line":456,"column":17},"end":{"line":456,"column":22}},"124":{"start":{"line":458,"column":4},"end":{"line":470,"column":5}},"125":{"start":{"line":458,"column":17},"end":{"line":458,"column":18}},"126":{"start":{"line":458,"column":24},"end":{"line":458,"column":42}},"127":{"start":{"line":459,"column":19},"end":{"line":459,"column":38}},"128":{"start":{"line":460,"column":19},"end":{"line":460,"column":39}},"129":{"start":{"line":461,"column":19},"end":{"line":461,"column":38}},"130":{"start":{"line":462,"column":19},"end":{"line":462,"column":39}},"131":{"start":{"line":465,"column":12},"end":{"line":467,"column":65}},"132":{"start":{"line":469,"column":8},"end":{"line":469,"column":40}},"133":{"start":{"line":469,"column":23},"end":{"line":469,"column":40}},"134":{"start":{"line":472,"column":4},"end":{"line":472,"column":18}},"135":{"start":{"line":476,"column":4},"end":{"line":476,"column":79}},"136":{"start":{"line":476,"column":29},"end":{"line":476,"column":79}},"137":{"start":{"line":477,"column":16},"end":{"line":480,"column":5}},"138":{"start":{"line":478,"column":21},"end":{"line":478,"column":100}},"139":{"start":{"line":481,"column":4},"end":{"line":481,"column":96}},"140":{"start":{"line":485,"column":18},"end":{"line":485,"column":69}},"141":{"start":{"line":486,"column":4},"end":{"line":486,"column":49}},"142":{"start":{"line":490,"column":4},"end":{"line":490,"column":60}},"143":{"start":{"line":494,"column":4},"end":{"line":494,"column":45}},"144":{"start":{"line":494,"column":32},"end":{"line":494,"column":45}},"145":{"start":{"line":495,"column":16},"end":{"line":495,"column":38}},"146":{"start":{"line":496,"column":20},"end":{"line":496,"column":85}},"147":{"start":{"line":496,"column":64},"end":{"line":496,"column":69}},"148":{"start":{"line":497,"column":4},"end":{"line":497,"column":43}},"149":{"start":{"line":497,"column":30},"end":{"line":497,"column":43}},"150":{"start":{"line":498,"column":16},"end":{"line":498,"column":56}},"151":{"start":{"line":499,"column":18},"end":{"line":499,"column":58}},"152":{"start":{"line":500,"column":17},"end":{"line":500,"column":57}},"153":{"start":{"line":501,"column":4},"end":{"line":501,"column":55}},"154":{"start":{"line":504,"column":15},"end":{"line":527,"column":2}}},"fnMap":{"0":{"name":"MapScreen","decl":{"start":{"line":22,"column":24},"end":{"line":22,"column":33}},"loc":{"start":{"line":22,"column":36},"end":{"line":448,"column":1}},"line":22},"1":{"name":"(anonymous_1)","decl":{"start":{"line":76,"column":33},"end":{"line":76,"column":34}},"loc":{"start":{"line":76,"column":49},"end":{"line":79,"column":5}},"line":76},"2":{"name":"(anonymous_2)","decl":{"start":{"line":78,"column":69},"end":{"line":78,"column":70}},"loc":{"start":{"line":78,"column":75},"end":{"line":78,"column":84}},"line":78},"3":{"name":"(anonymous_3)","decl":{"start":{"line":81,"column":34},"end":{"line":81,"column":35}},"loc":{"start":{"line":81,"column":40},"end":{"line":98,"column":5}},"line":81},"4":{"name":"(anonymous_4)","decl":{"start":{"line":100,"column":30},"end":{"line":100,"column":31}},"loc":{"start":{"line":100,"column":36},"end":{"line":118,"column":5}},"line":100},"5":{"name":"(anonymous_5)","decl":{"start":{"line":107,"column":17},"end":{"line":107,"column":18}},"loc":{"start":{"line":107,"column":35},"end":{"line":116,"column":13}},"line":107},"6":{"name":"(anonymous_6)","decl":{"start":{"line":117,"column":20},"end":{"line":117,"column":21}},"loc":{"start":{"line":117,"column":34},"end":{"line":117,"column":61}},"line":117},"7":{"name":"(anonymous_7)","decl":{"start":{"line":121,"column":8},"end":{"line":121,"column":9}},"loc":{"start":{"line":121,"column":14},"end":{"line":121,"column":72}},"line":121},"8":{"name":"(anonymous_8)","decl":{"start":{"line":121,"column":29},"end":{"line":121,"column":30}},"loc":{"start":{"line":121,"column":36},"end":{"line":121,"column":63}},"line":121},"9":{"name":"(anonymous_9)","decl":{"start":{"line":126,"column":42},"end":{"line":126,"column":43}},"loc":{"start":{"line":126,"column":48},"end":{"line":131,"column":5}},"line":126},"10":{"name":"(anonymous_10)","decl":{"start":{"line":128,"column":30},"end":{"line":128,"column":31}},"loc":{"start":{"line":129,"column":12},"end":{"line":129,"column":53}},"line":129},"11":{"name":"(anonymous_11)","decl":{"start":{"line":134,"column":28},"end":{"line":134,"column":29}},"loc":{"start":{"line":134,"column":40},"end":{"line":136,"column":5}},"line":134},"12":{"name":"(anonymous_12)","decl":{"start":{"line":138,"column":33},"end":{"line":138,"column":34}},"loc":{"start":{"line":138,"column":39},"end":{"line":147,"column":5}},"line":138},"13":{"name":"(anonymous_13)","decl":{"start":{"line":144,"column":50},"end":{"line":144,"column":51}},"loc":{"start":{"line":144,"column":56},"end":{"line":144,"column":83}},"line":144},"14":{"name":"(anonymous_14)","decl":{"start":{"line":149,"column":27},"end":{"line":149,"column":28}},"loc":{"start":{"line":149,"column":33},"end":{"line":151,"column":5}},"line":149},"15":{"name":"(anonymous_15)","decl":{"start":{"line":153,"column":37},"end":{"line":153,"column":38}},"loc":{"start":{"line":153,"column":67},"end":{"line":162,"column":5}},"line":153},"16":{"name":"(anonymous_16)","decl":{"start":{"line":164,"column":14},"end":{"line":164,"column":15}},"loc":{"start":{"line":164,"column":20},"end":{"line":173,"column":5}},"line":164},"17":{"name":"(anonymous_17)","decl":{"start":{"line":165,"column":9},"end":{"line":165,"column":10}},"loc":{"start":{"line":165,"column":21},"end":{"line":171,"column":9}},"line":165},"18":{"name":"(anonymous_18)","decl":{"start":{"line":175,"column":29},"end":{"line":175,"column":30}},"loc":{"start":{"line":175,"column":41},"end":{"line":225,"column":5}},"line":175},"19":{"name":"(anonymous_19)","decl":{"start":{"line":208,"column":50},"end":{"line":208,"column":51}},"loc":{"start":{"line":209,"column":16},"end":{"line":209,"column":57}},"line":209},"20":{"name":"(anonymous_20)","decl":{"start":{"line":227,"column":31},"end":{"line":227,"column":32}},"loc":{"start":{"line":227,"column":61},"end":{"line":235,"column":5}},"line":227},"21":{"name":"(anonymous_21)","decl":{"start":{"line":252,"column":31},"end":{"line":252,"column":32}},"loc":{"start":{"line":252,"column":45},"end":{"line":273,"column":17}},"line":252},"22":{"name":"(anonymous_22)","decl":{"start":{"line":263,"column":41},"end":{"line":263,"column":42}},"loc":{"start":{"line":263,"column":47},"end":{"line":263,"column":80}},"line":263},"23":{"name":"(anonymous_23)","decl":{"start":{"line":267,"column":41},"end":{"line":267,"column":42}},"loc":{"start":{"line":267,"column":47},"end":{"line":267,"column":80}},"line":267},"24":{"name":"(anonymous_24)","decl":{"start":{"line":300,"column":23},"end":{"line":300,"column":24}},"loc":{"start":{"line":300,"column":40},"end":{"line":313,"column":17}},"line":300},"25":{"name":"(anonymous_25)","decl":{"start":{"line":423,"column":32},"end":{"line":423,"column":33}},"loc":{"start":{"line":423,"column":38},"end":{"line":423,"column":65}},"line":423},"26":{"name":"(anonymous_26)","decl":{"start":{"line":426,"column":21},"end":{"line":426,"column":22}},"loc":{"start":{"line":426,"column":27},"end":{"line":443,"column":21}},"line":426},"27":{"name":"(anonymous_27)","decl":{"start":{"line":436,"column":64},"end":{"line":436,"column":65}},"loc":{"start":{"line":436,"column":70},"end":{"line":436,"column":97}},"line":436},"28":{"name":"isPointInPolygon","decl":{"start":{"line":452,"column":9},"end":{"line":452,"column":25}},"loc":{"start":{"line":455,"column":11},"end":{"line":473,"column":1}},"line":455},"29":{"name":"polygonCentroid","decl":{"start":{"line":475,"column":9},"end":{"line":475,"column":24}},"loc":{"start":{"line":475,"column":64},"end":{"line":482,"column":1}},"line":475},"30":{"name":"(anonymous_30)","decl":{"start":{"line":478,"column":8},"end":{"line":478,"column":9}},"loc":{"start":{"line":478,"column":21},"end":{"line":478,"column":100}},"line":478},"31":{"name":"formatAddress","decl":{"start":{"line":484,"column":9},"end":{"line":484,"column":22}},"loc":{"start":{"line":484,"column":62},"end":{"line":487,"column":1}},"line":484},"32":{"name":"normalizeLabel","decl":{"start":{"line":489,"column":9},"end":{"line":489,"column":23}},"loc":{"start":{"line":489,"column":47},"end":{"line":491,"column":1}},"line":489},"33":{"name":"toRgba","decl":{"start":{"line":493,"column":9},"end":{"line":493,"column":15}},"loc":{"start":{"line":493,"column":54},"end":{"line":502,"column":1}},"line":493},"34":{"name":"(anonymous_34)","decl":{"start":{"line":496,"column":57},"end":{"line":496,"column":58}},"loc":{"start":{"line":496,"column":64},"end":{"line":496,"column":69}},"line":496}},"branchMap":{"0":{"loc":{"start":{"line":37,"column":8},"end":{"line":39,"column":53}},"type":"cond-expr","locations":[{"start":{"line":38,"column":14},"end":{"line":38,"column":53}},{"start":{"line":39,"column":14},"end":{"line":39,"column":53}}],"line":37},"1":{"loc":{"start":{"line":41,"column":8},"end":{"line":43,"column":51}},"type":"cond-expr","locations":[{"start":{"line":42,"column":14},"end":{"line":42,"column":52}},{"start":{"line":43,"column":14},"end":{"line":43,"column":51}}],"line":41},"2":{"loc":{"start":{"line":52,"column":4},"end":{"line":62,"column":5}},"type":"if","locations":[{"start":{"line":52,"column":4},"end":{"line":62,"column":5}},{"start":{"line":59,"column":11},"end":{"line":62,"column":5}}],"line":52},"3":{"loc":{"start":{"line":53,"column":8},"end":{"line":55,"column":9}},"type":"if","locations":[{"start":{"line":53,"column":8},"end":{"line":55,"column":9}},{"start":{},"end":{}}],"line":53},"4":{"loc":{"start":{"line":56,"column":8},"end":{"line":58,"column":9}},"type":"if","locations":[{"start":{"line":56,"column":8},"end":{"line":58,"column":9}},{"start":{},"end":{}}],"line":56},"5":{"loc":{"start":{"line":59,"column":11},"end":{"line":62,"column":5}},"type":"if","locations":[{"start":{"line":59,"column":11},"end":{"line":62,"column":5}},{"start":{},"end":{}}],"line":59},"6":{"loc":{"start":{"line":64,"column":4},"end":{"line":66,"column":5}},"type":"if","locations":[{"start":{"line":64,"column":4},"end":{"line":66,"column":5}},{"start":{},"end":{}}],"line":64},"7":{"loc":{"start":{"line":64,"column":8},"end":{"line":64,"column":38}},"type":"binary-expr","locations":[{"start":{"line":64,"column":8},"end":{"line":64,"column":24}},{"start":{"line":64,"column":28},"end":{"line":64,"column":38}}],"line":64},"8":{"loc":{"start":{"line":67,"column":4},"end":{"line":69,"column":5}},"type":"if","locations":[{"start":{"line":67,"column":4},"end":{"line":69,"column":5}},{"start":{},"end":{}}],"line":67},"9":{"loc":{"start":{"line":67,"column":8},"end":{"line":67,"column":40}},"type":"binary-expr","locations":[{"start":{"line":67,"column":8},"end":{"line":67,"column":26}},{"start":{"line":67,"column":30},"end":{"line":67,"column":40}}],"line":67},"10":{"loc":{"start":{"line":88,"column":12},"end":{"line":95,"column":13}},"type":"if","locations":[{"start":{"line":88,"column":12},"end":{"line":95,"column":13}},{"start":{},"end":{}}],"line":88},"11":{"loc":{"start":{"line":110,"column":16},"end":{"line":112,"column":17}},"type":"if","locations":[{"start":{"line":110,"column":16},"end":{"line":112,"column":17}},{"start":{},"end":{}}],"line":110},"12":{"loc":{"start":{"line":110,"column":20},"end":{"line":110,"column":38}},"type":"binary-expr","locations":[{"start":{"line":110,"column":20},"end":{"line":110,"column":28}},{"start":{"line":110,"column":32},"end":{"line":110,"column":38}}],"line":110},"13":{"loc":{"start":{"line":115,"column":44},"end":{"line":115,"column":59}},"type":"binary-expr","locations":[{"start":{"line":115,"column":44},"end":{"line":115,"column":51}},{"start":{"line":115,"column":55},"end":{"line":115,"column":59}}],"line":115},"14":{"loc":{"start":{"line":121,"column":14},"end":{"line":121,"column":72}},"type":"binary-expr","locations":[{"start":{"line":121,"column":14},"end":{"line":121,"column":64}},{"start":{"line":121,"column":68},"end":{"line":121,"column":72}}],"line":121},"15":{"loc":{"start":{"line":127,"column":8},"end":{"line":127,"column":40}},"type":"if","locations":[{"start":{"line":127,"column":8},"end":{"line":127,"column":40}},{"start":{},"end":{}}],"line":127},"16":{"loc":{"start":{"line":155,"column":8},"end":{"line":155,"column":54}},"type":"if","locations":[{"start":{"line":155,"column":8},"end":{"line":155,"column":54}},{"start":{},"end":{}}],"line":155},"17":{"loc":{"start":{"line":158,"column":8},"end":{"line":158,"column":56}},"type":"if","locations":[{"start":{"line":158,"column":8},"end":{"line":158,"column":56}},{"start":{},"end":{}}],"line":158},"18":{"loc":{"start":{"line":179,"column":12},"end":{"line":182,"column":13}},"type":"if","locations":[{"start":{"line":179,"column":12},"end":{"line":182,"column":13}},{"start":{},"end":{}}],"line":179},"19":{"loc":{"start":{"line":195,"column":12},"end":{"line":205,"column":13}},"type":"if","locations":[{"start":{"line":195,"column":12},"end":{"line":205,"column":13}},{"start":{},"end":{}}],"line":195},"20":{"loc":{"start":{"line":212,"column":12},"end":{"line":217,"column":13}},"type":"if","locations":[{"start":{"line":212,"column":12},"end":{"line":217,"column":13}},{"start":{"line":215,"column":19},"end":{"line":217,"column":13}}],"line":212},"21":{"loc":{"start":{"line":229,"column":8},"end":{"line":234,"column":9}},"type":"if","locations":[{"start":{"line":229,"column":8},"end":{"line":234,"column":9}},{"start":{},"end":{}}],"line":229},"22":{"loc":{"start":{"line":230,"column":27},"end":{"line":232,"column":105}},"type":"cond-expr","locations":[{"start":{"line":231,"column":18},"end":{"line":231,"column":103}},{"start":{"line":232,"column":18},"end":{"line":232,"column":105}}],"line":230},"23":{"loc":{"start":{"line":250,"column":35},"end":{"line":250,"column":75}},"type":"binary-expr","locations":[{"start":{"line":250,"column":35},"end":{"line":250,"column":49}},{"start":{"line":250,"column":53},"end":{"line":250,"column":75}}],"line":250},"24":{"loc":{"start":{"line":260,"column":43},"end":{"line":260,"column":89}},"type":"cond-expr","locations":[{"start":{"line":260,"column":56},"end":{"line":260,"column":75}},{"start":{"line":260,"column":78},"end":{"line":260,"column":89}}],"line":260},"25":{"loc":{"start":{"line":276,"column":17},"end":{"line":295,"column":17}},"type":"binary-expr","locations":[{"start":{"line":276,"column":17},"end":{"line":276,"column":29}},{"start":{"line":276,"column":33},"end":{"line":276,"column":54}},{"start":{"line":277,"column":20},"end":{"line":294,"column":29}}],"line":276},"26":{"loc":{"start":{"line":311,"column":33},"end":{"line":311,"column":50}},"type":"cond-expr","locations":[{"start":{"line":311,"column":43},"end":{"line":311,"column":46}},{"start":{"line":311,"column":49},"end":{"line":311,"column":50}}],"line":311},"27":{"loc":{"start":{"line":320,"column":27},"end":{"line":320,"column":68}},"type":"cond-expr","locations":[{"start":{"line":320,"column":40},"end":{"line":320,"column":56}},{"start":{"line":320,"column":59},"end":{"line":320,"column":68}}],"line":320},"28":{"loc":{"start":{"line":408,"column":29},"end":{"line":408,"column":50}},"type":"cond-expr","locations":[{"start":{"line":408,"column":42},"end":{"line":408,"column":46}},{"start":{"line":408,"column":49},"end":{"line":408,"column":50}}],"line":408},"29":{"loc":{"start":{"line":411,"column":17},"end":{"line":415,"column":17}},"type":"cond-expr","locations":[{"start":{"line":412,"column":20},"end":{"line":412,"column":98}},{"start":{"line":414,"column":20},"end":{"line":414,"column":82}}],"line":411},"30":{"loc":{"start":{"line":429,"column":24},"end":{"line":434,"column":25}},"type":"if","locations":[{"start":{"line":429,"column":24},"end":{"line":434,"column":25}},{"start":{},"end":{}}],"line":429},"31":{"loc":{"start":{"line":431,"column":28},"end":{"line":433,"column":29}},"type":"if","locations":[{"start":{"line":431,"column":28},"end":{"line":433,"column":29}},{"start":{},"end":{}}],"line":431},"32":{"loc":{"start":{"line":465,"column":12},"end":{"line":467,"column":65}},"type":"binary-expr","locations":[{"start":{"line":465,"column":12},"end":{"line":465,"column":57}},{"start":{"line":466,"column":12},"end":{"line":467,"column":65}}],"line":465},"33":{"loc":{"start":{"line":469,"column":8},"end":{"line":469,"column":40}},"type":"if","locations":[{"start":{"line":469,"column":8},"end":{"line":469,"column":40}},{"start":{},"end":{}}],"line":469},"34":{"loc":{"start":{"line":476,"column":4},"end":{"line":476,"column":79}},"type":"if","locations":[{"start":{"line":476,"column":4},"end":{"line":476,"column":79}},{"start":{},"end":{}}],"line":476},"35":{"loc":{"start":{"line":486,"column":11},"end":{"line":486,"column":48}},"type":"cond-expr","locations":[{"start":{"line":486,"column":26},"end":{"line":486,"column":41}},{"start":{"line":486,"column":44},"end":{"line":486,"column":48}}],"line":486},"36":{"loc":{"start":{"line":494,"column":4},"end":{"line":494,"column":45}},"type":"if","locations":[{"start":{"line":494,"column":4},"end":{"line":494,"column":45}},{"start":{},"end":{}}],"line":494},"37":{"loc":{"start":{"line":496,"column":20},"end":{"line":496,"column":85}},"type":"cond-expr","locations":[{"start":{"line":496,"column":39},"end":{"line":496,"column":79}},{"start":{"line":496,"column":82},"end":{"line":496,"column":85}}],"line":496},"38":{"loc":{"start":{"line":497,"column":4},"end":{"line":497,"column":43}},"type":"if","locations":[{"start":{"line":497,"column":4},"end":{"line":497,"column":43}},{"start":{},"end":{}}],"line":497}},"s":{"0":18,"1":18,"2":18,"3":18,"4":18,"5":18,"6":18,"7":18,"8":18,"9":18,"10":18,"11":18,"12":18,"13":18,"14":18,"15":18,"16":18,"17":0,"18":0,"19":0,"20":0,"21":18,"22":0,"23":0,"24":18,"25":18,"26":18,"27":18,"28":18,"29":18,"30":18,"31":0,"32":0,"33":0,"34":18,"35":7,"36":7,"37":252,"38":252,"39":28,"40":35,"41":7,"42":18,"43":7,"44":7,"45":406,"46":406,"47":406,"48":0,"49":406,"50":406,"51":406,"52":18,"53":7,"54":406,"55":18,"56":9,"57":7,"58":2,"59":116,"60":18,"61":1,"62":18,"63":4,"64":1,"65":18,"66":0,"67":18,"68":13,"69":13,"70":7,"71":6,"72":6,"73":2,"74":4,"75":4,"76":18,"77":7,"78":7,"79":7,"80":0,"81":18,"82":6,"83":6,"84":6,"85":6,"86":2,"87":2,"88":4,"89":2,"90":2,"91":2,"92":2,"93":2,"94":116,"95":2,"96":0,"97":0,"98":2,"99":1,"100":1,"101":5,"102":18,"103":0,"104":0,"105":0,"106":0,"107":18,"108":1044,"109":1044,"110":1044,"111":0,"112":0,"113":18,"114":0,"115":18,"116":18,"117":18,"118":0,"119":0,"120":0,"121":18,"122":0,"123":232,"124":232,"125":232,"126":232,"127":3984,"128":3984,"129":3984,"130":3984,"131":3984,"132":3984,"133":0,"134":232,"135":1044,"136":0,"137":1044,"138":17928,"139":1044,"140":406,"141":406,"142":693,"143":36,"144":0,"145":36,"146":36,"147":0,"148":36,"149":0,"150":36,"151":36,"152":36,"153":36,"154":1},"f":{"0":18,"1":0,"2":0,"3":7,"4":7,"5":406,"6":406,"7":7,"8":406,"9":9,"10":116,"11":1,"12":4,"13":1,"14":0,"15":13,"16":7,"17":7,"18":6,"19":116,"20":0,"21":1044,"22":0,"23":0,"24":18,"25":0,"26":18,"27":0,"28":232,"29":1044,"30":17928,"31":406,"32":693,"33":36,"34":0},"b":{"0":[18,0],"1":[18,0],"2":[0,18],"3":[0,0],"4":[0,0],"5":[0,18],"6":[18,0],"7":[18,18],"8":[18,0],"9":[18,18],"10":[28,224],"11":[0,406],"12":[406,21],"13":[406,21],"14":[7,7],"15":[7,2],"16":[7,6],"17":[2,4],"18":[2,4],"19":[2,0],"20":[0,2],"21":[0,0],"22":[0,0],"23":[18,2],"24":[0,1044],"25":[18,2,0],"26":[0,18],"27":[18,0],"28":[6,12],"29":[6,12],"30":[0,18],"31":[0,0],"32":[3984,0],"33":[0,3984],"34":[0,1044],"35":[385,21],"36":[0,36],"37":[0,36],"38":[0,36]},"_coverageSchema":"1a1c01bbd47fc00a2c39e90264f33305004495a9","hash":"7a9cff632f83f99a138506054bdd6c210cfb39d9"}
,"C:\\Users\\Leon\\Documents\\GitHub\\SOEN-390-MakeSoft\\mobile-app\\components\\SearchBar.tsx": {"path":"C:\\Users\\Leon\\Documents\\GitHub\\SOEN-390-MakeSoft\\mobile-app\\components\\SearchBar.tsx","statementMap":{"0":{"start":{"line":12,"column":4},"end":{"line":23,"column":6}},"1":{"start":{"line":26,"column":15},"end":{"line":43,"column":2}}},"fnMap":{"0":{"name":"SearchBar","decl":{"start":{"line":11,"column":24},"end":{"line":11,"column":33}},"loc":{"start":{"line":11,"column":99},"end":{"line":24,"column":1}},"line":11}},"branchMap":{"0":{"loc":{"start":{"line":11,"column":57},"end":{"line":11,"column":79}},"type":"default-arg","locations":[{"start":{"line":11,"column":71},"end":{"line":11,"column":79}}],"line":11}},"s":{"0":21,"1":2},"f":{"0":21},"b":{"0":[1]},"_coverageSchema":"1a1c01bbd47fc00a2c39e90264f33305004495a9","hash":"c92923ca850f776b00a56bb3740549f9f70bbe84"}
,"C:\\Users\\Leon\\Documents\\GitHub\\SOEN-390-MakeSoft\\mobile-app\\components\\themed-text.tsx": {"path":"C:\\Users\\Leon\\Documents\\GitHub\\SOEN-390-MakeSoft\\mobile-app\\components\\themed-text.tsx","statementMap":{"0":{"start":{"line":9,"column":4},"end":{"line":9,"column":45}}},"fnMap":{"0":{"name":"ThemedText","decl":{"start":{"line":8,"column":16},"end":{"line":8,"column":26}},"loc":{"start":{"line":8,"column":65},"end":{"line":10,"column":1}},"line":8}},"branchMap":{},"s":{"0":2},"f":{"0":2},"b":{},"_coverageSchema":"1a1c01bbd47fc00a2c39e90264f33305004495a9","hash":"2f96f2e60b7bdadbdb4cf998c05e1e19fe217d8c"}
,"C:\\Users\\Leon\\Documents\\GitHub\\SOEN-390-MakeSoft\\mobile-app\\components\\themed-view.tsx": {"path":"C:\\Users\\Leon\\Documents\\GitHub\\SOEN-390-MakeSoft\\mobile-app\\components\\themed-view.tsx","statementMap":{"0":{"start":{"line":5,"column":4},"end":{"line":5,"column":45}}},"fnMap":{"0":{"name":"ThemedView","decl":{"start":{"line":4,"column":16},"end":{"line":4,"column":26}},"loc":{"start":{"line":4,"column":59},"end":{"line":6,"column":1}},"line":4}},"branchMap":{},"s":{"0":3},"f":{"0":3},"b":{},"_coverageSchema":"1a1c01bbd47fc00a2c39e90264f33305004495a9","hash":"09aef23a62a623203a72cb3ded27572b7f50131a"}
,"C:\\Users\\Leon\\Documents\\GitHub\\SOEN-390-MakeSoft\\mobile-app\\components\\ui\\collapsible.tsx": {"path":"C:\\Users\\Leon\\Documents\\GitHub\\SOEN-390-MakeSoft\\mobile-app\\components\\ui\\collapsible.tsx","statementMap":{"0":{"start":{"line":11,"column":30},"end":{"line":11,"column":45}},"1":{"start":{"line":12,"column":16},"end":{"line":12,"column":43}},"2":{"start":{"line":14,"column":2},"end":{"line":32,"column":4}},"3":{"start":{"line":18,"column":23},"end":{"line":18,"column":51}},"4":{"start":{"line":18,"column":44},"end":{"line":18,"column":50}},"5":{"start":{"line":35,"column":15},"end":{"line":45,"column":2}}},"fnMap":{"0":{"name":"Collapsible","decl":{"start":{"line":10,"column":16},"end":{"line":10,"column":27}},"loc":{"start":{"line":10,"column":88},"end":{"line":33,"column":1}},"line":10},"1":{"name":"(anonymous_1)","decl":{"start":{"line":18,"column":17},"end":{"line":18,"column":18}},"loc":{"start":{"line":18,"column":23},"end":{"line":18,"column":51}},"line":18},"2":{"name":"(anonymous_2)","decl":{"start":{"line":18,"column":33},"end":{"line":18,"column":34}},"loc":{"start":{"line":18,"column":44},"end":{"line":18,"column":50}},"line":18}},"branchMap":{"0":{"loc":{"start":{"line":12,"column":16},"end":{"line":12,"column":43}},"type":"binary-expr","locations":[{"start":{"line":12,"column":16},"end":{"line":12,"column":32}},{"start":{"line":12,"column":36},"end":{"line":12,"column":43}}],"line":12},"1":{"loc":{"start":{"line":24,"column":17},"end":{"line":24,"column":73}},"type":"cond-expr","locations":[{"start":{"line":24,"column":37},"end":{"line":24,"column":54}},{"start":{"line":24,"column":57},"end":{"line":24,"column":73}}],"line":24},"2":{"loc":{"start":{"line":25,"column":41},"end":{"line":25,"column":66}},"type":"cond-expr","locations":[{"start":{"line":25,"column":50},"end":{"line":25,"column":57}},{"start":{"line":25,"column":60},"end":{"line":25,"column":66}}],"line":25},"3":{"loc":{"start":{"line":30,"column":7},"end":{"line":30,"column":75}},"type":"binary-expr","locations":[{"start":{"line":30,"column":7},"end":{"line":30,"column":13}},{"start":{"line":30,"column":17},"end":{"line":30,"column":75}}],"line":30}},"s":{"0":2,"1":2,"2":2,"3":1,"4":1,"5":1},"f":{"0":2,"1":1,"2":1},"b":{"0":[2,0],"1":[2,0],"2":[1,1],"3":[2,1]},"_coverageSchema":"1a1c01bbd47fc00a2c39e90264f33305004495a9","hash":"6ae985fcfd56ffc94555aa4612c518eb48f9c795"}
,"C:\\Users\\Leon\\Documents\\GitHub\\SOEN-390-MakeSoft\\mobile-app\\components\\ui\\icon-symbol.ios.tsx": {"path":"C:\\Users\\Leon\\Documents\\GitHub\\SOEN-390-MakeSoft\\mobile-app\\components\\ui\\icon-symbol.ios.tsx","statementMap":{"0":{"start":{"line":18,"column":2},"end":{"line":32,"column":4}}},"fnMap":{"0":{"name":"IconSymbol","decl":{"start":{"line":5,"column":16},"end":{"line":5,"column":26}},"loc":{"start":{"line":17,"column":3},"end":{"line":33,"column":1}},"line":17}},"branchMap":{"0":{"loc":{"start":{"line":7,"column":2},"end":{"line":7,"column":11}},"type":"default-arg","locations":[{"start":{"line":7,"column":9},"end":{"line":7,"column":11}}],"line":7},"1":{"loc":{"start":{"line":10,"column":2},"end":{"line":10,"column":20}},"type":"default-arg","locations":[{"start":{"line":10,"column":11},"end":{"line":10,"column":20}}],"line":10}},"s":{"0":1},"f":{"0":1},"b":{"0":[0],"1":[1]},"_coverageSchema":"1a1c01bbd47fc00a2c39e90264f33305004495a9","hash":"0ae4231c4f7a9e39bcfb41ce702aa29def8573ea"}
,"C:\\Users\\Leon\\Documents\\GitHub\\SOEN-390-MakeSoft\\mobile-app\\components\\ui\\icon-symbol.tsx": {"path":"C:\\Users\\Leon\\Documents\\GitHub\\SOEN-390-MakeSoft\\mobile-app\\components\\ui\\icon-symbol.tsx","statementMap":{"0":{"start":{"line":16,"column":16},"end":{"line":21,"column":16}},"1":{"start":{"line":40,"column":2},"end":{"line":40,"column":88}}},"fnMap":{"0":{"name":"IconSymbol","decl":{"start":{"line":28,"column":16},"end":{"line":28,"column":26}},"loc":{"start":{"line":39,"column":3},"end":{"line":41,"column":1}},"line":39}},"branchMap":{"0":{"loc":{"start":{"line":30,"column":2},"end":{"line":30,"column":11}},"type":"default-arg","locations":[{"start":{"line":30,"column":9},"end":{"line":30,"column":11}}],"line":30}},"s":{"0":1,"1":1},"f":{"0":1},"b":{"0":[1]},"_coverageSchema":"1a1c01bbd47fc00a2c39e90264f33305004495a9","hash":"b9ae6709ccbffec0821b14500e71830893fda86b"}
,"C:\\Users\\Leon\\Documents\\GitHub\\SOEN-390-MakeSoft\\mobile-app\\constants\\theme.ts": {"path":"C:\\Users\\Leon\\Documents\\GitHub\\SOEN-390-MakeSoft\\mobile-app\\constants\\theme.ts","statementMap":{"0":{"start":{"line":8,"column":23},"end":{"line":8,"column":32}},"1":{"start":{"line":9,"column":22},"end":{"line":9,"column":28}},"2":{"start":{"line":11,"column":22},"end":{"line":28,"column":1}},"3":{"start":{"line":30,"column":21},"end":{"line":53,"column":2}}},"fnMap":{},"branchMap":{},"s":{"0":2,"1":2,"2":2,"3":2},"f":{},"b":{},"_coverageSchema":"1a1c01bbd47fc00a2c39e90264f33305004495a9","hash":"fd23f28daef1c913f79d4d4b7ac49cb0a40decb5"}
,"C:\\Users\\Leon\\Documents\\GitHub\\SOEN-390-MakeSoft\\mobile-app\\context\\settings.tsx": {"path":"C:\\Users\\Leon\\Documents\\GitHub\\SOEN-390-MakeSoft\\mobile-app\\context\\settings.tsx","statementMap":{"0":{"start":{"line":8,"column":24},"end":{"line":8,"column":82}},"1":{"start":{"line":11,"column":50},"end":{"line":11,"column":65}},"2":{"start":{"line":13,"column":18},"end":{"line":16,"column":5}},"3":{"start":{"line":14,"column":15},"end":{"line":14,"column":54}},"4":{"start":{"line":18,"column":4},"end":{"line":18,"column":89}},"5":{"start":{"line":22,"column":20},"end":{"line":22,"column":47}},"6":{"start":{"line":23,"column":4},"end":{"line":25,"column":5}},"7":{"start":{"line":24,"column":8},"end":{"line":24,"column":76}},"8":{"start":{"line":26,"column":4},"end":{"line":26,"column":19}}},"fnMap":{"0":{"name":"SettingsProvider","decl":{"start":{"line":10,"column":16},"end":{"line":10,"column":32}},"loc":{"start":{"line":10,"column":78},"end":{"line":19,"column":1}},"line":10},"1":{"name":"(anonymous_1)","decl":{"start":{"line":14,"column":8},"end":{"line":14,"column":9}},"loc":{"start":{"line":14,"column":15},"end":{"line":14,"column":54}},"line":14},"2":{"name":"useSettings","decl":{"start":{"line":21,"column":16},"end":{"line":21,"column":27}},"loc":{"start":{"line":21,"column":30},"end":{"line":27,"column":1}},"line":21}},"branchMap":{"0":{"loc":{"start":{"line":23,"column":4},"end":{"line":25,"column":5}},"type":"if","locations":[{"start":{"line":23,"column":4},"end":{"line":25,"column":5}},{"start":{},"end":{}}],"line":23}},"s":{"0":3,"1":9,"2":9,"3":9,"4":9,"5":22,"6":21,"7":2,"8":19},"f":{"0":9,"1":9,"2":22},"b":{"0":[2,19]},"_coverageSchema":"1a1c01bbd47fc00a2c39e90264f33305004495a9","hash":"43742ec5558241fcca7bc80ab2a90d3eeb353464"}
,"C:\\Users\\Leon\\Documents\\GitHub\\SOEN-390-MakeSoft\\mobile-app\\data\\building-addresses.ts": {"path":"C:\\Users\\Leon\\Documents\\GitHub\\SOEN-390-MakeSoft\\mobile-app\\data\\building-addresses.ts","statementMap":{"0":{"start":{"line":10,"column":53},"end":{"line":91,"column":1}}},"fnMap":{},"branchMap":{},"s":{"0":1},"f":{},"b":{},"_coverageSchema":"1a1c01bbd47fc00a2c39e90264f33305004495a9","hash":"5c06fda97a3218e1c5d06327611e2917363ca38c"}
,"C:\\Users\\Leon\\Documents\\GitHub\\SOEN-390-MakeSoft\\mobile-app\\data\\buildingPolygons.ts": {"path":"C:\\Users\\Leon\\Documents\\GitHub\\SOEN-390-MakeSoft\\mobile-app\\data\\buildingPolygons.ts","statementMap":{"0":{"start":{"line":1,"column":33},"end":{"line":2405,"column":10}}},"fnMap":{},"branchMap":{},"s":{"0":1},"f":{},"b":{},"_coverageSchema":"1a1c01bbd47fc00a2c39e90264f33305004495a9","hash":"d9d2e766cddfce9fa3f271bd47c50635eacece64"}
,"C:\\Users\\Leon\\Documents\\GitHub\\SOEN-390-MakeSoft\\mobile-app\\data\\buildingPolygonsLoyola.ts": {"path":"C:\\Users\\Leon\\Documents\\GitHub\\SOEN-390-MakeSoft\\mobile-app\\data\\buildingPolygonsLoyola.ts","statementMap":{"0":{"start":{"line":5,"column":40},"end":{"line":1995,"column":10}}},"fnMap":{},"branchMap":{},"s":{"0":1},"f":{},"b":{},"_coverageSchema":"1a1c01bbd47fc00a2c39e90264f33305004495a9","hash":"9305b425a6d66304865923d3fb086919376d7cff"}
,"C:\\Users\\Leon\\Documents\\GitHub\\SOEN-390-MakeSoft\\mobile-app\\hooks\\use-color-scheme.ts": {"path":"C:\\Users\\Leon\\Documents\\GitHub\\SOEN-390-MakeSoft\\mobile-app\\hooks\\use-color-scheme.ts","statementMap":{},"fnMap":{},"branchMap":{},"s":{},"f":{},"b":{},"_coverageSchema":"1a1c01bbd47fc00a2c39e90264f33305004495a9","hash":"01da0ca1d870952533bc553645e1452de87cbf30"}
,"C:\\Users\\Leon\\Documents\\GitHub\\SOEN-390-MakeSoft\\mobile-app\\hooks\\use-color-scheme.web.ts": {"path":"C:\\Users\\Leon\\Documents\\GitHub\\SOEN-390-MakeSoft\\mobile-app\\hooks\\use-color-scheme.web.ts","statementMap":{"0":{"start":{"line":8,"column":40},"end":{"line":8,"column":55}},"1":{"start":{"line":10,"column":2},"end":{"line":12,"column":9}},"2":{"start":{"line":11,"column":4},"end":{"line":11,"column":25}},"3":{"start":{"line":14,"column":22},"end":{"line":14,"column":40}},"4":{"start":{"line":16,"column":2},"end":{"line":18,"column":3}},"5":{"start":{"line":17,"column":4},"end":{"line":17,"column":23}},"6":{"start":{"line":20,"column":2},"end":{"line":20,"column":17}}},"fnMap":{"0":{"name":"useColorScheme","decl":{"start":{"line":7,"column":16},"end":{"line":7,"column":30}},"loc":{"start":{"line":7,"column":33},"end":{"line":21,"column":1}},"line":7},"1":{"name":"(anonymous_1)","decl":{"start":{"line":10,"column":12},"end":{"line":10,"column":13}},"loc":{"start":{"line":10,"column":18},"end":{"line":12,"column":3}},"line":10}},"branchMap":{"0":{"loc":{"start":{"line":16,"column":2},"end":{"line":18,"column":3}},"type":"if","locations":[{"start":{"line":16,"column":2},"end":{"line":18,"column":3}},{"start":{},"end":{}}],"line":16}},"s":{"0":2,"1":2,"2":1,"3":2,"4":2,"5":1,"6":1},"f":{"0":2,"1":1},"b":{"0":[1,1]},"_coverageSchema":"1a1c01bbd47fc00a2c39e90264f33305004495a9","hash":"b03dfef1905d3b5ad6730166b79a5eba1bc52878"}
,"C:\\Users\\Leon\\Documents\\GitHub\\SOEN-390-MakeSoft\\mobile-app\\hooks\\use-theme-color.ts": {"path":"C:\\Users\\Leon\\Documents\\GitHub\\SOEN-390-MakeSoft\\mobile-app\\hooks\\use-theme-color.ts","statementMap":{"0":{"start":{"line":13,"column":16},"end":{"line":13,"column":43}},"1":{"start":{"line":14,"column":25},"end":{"line":14,"column":37}},"2":{"start":{"line":16,"column":2},"end":{"line":20,"column":3}},"3":{"start":{"line":17,"column":4},"end":{"line":17,"column":26}},"4":{"start":{"line":19,"column":4},"end":{"line":19,"column":36}}},"fnMap":{"0":{"name":"useThemeColor","decl":{"start":{"line":9,"column":16},"end":{"line":9,"column":29}},"loc":{"start":{"line":12,"column":2},"end":{"line":21,"column":1}},"line":12}},"branchMap":{"0":{"loc":{"start":{"line":13,"column":16},"end":{"line":13,"column":43}},"type":"binary-expr","locations":[{"start":{"line":13,"column":16},"end":{"line":13,"column":32}},{"start":{"line":13,"column":36},"end":{"line":13,"column":43}}],"line":13},"1":{"loc":{"start":{"line":16,"column":2},"end":{"line":20,"column":3}},"type":"if","locations":[{"start":{"line":16,"column":2},"end":{"line":20,"column":3}},{"start":{"line":18,"column":9},"end":{"line":20,"column":3}}],"line":16}},"s":{"0":2,"1":2,"2":2,"3":2,"4":0},"f":{"0":2},"b":{"0":[2,0],"1":[2,0]},"_coverageSchema":"1a1c01bbd47fc00a2c39e90264f33305004495a9","hash":"a4d836f721d9e75bfed52495bd3d69d7d3e2e390"}
,"C:\\Users\\Leon\\Documents\\GitHub\\SOEN-390-MakeSoft\\mobile-app\\services\\api.ts": {"path":"C:\\Users\\Leon\\Documents\\GitHub\\SOEN-390-MakeSoft\\mobile-app\\services\\api.ts","statementMap":{"0":{"start":{"line":12,"column":16},"end":{"line":12,"column":105}},"1":{"start":{"line":14,"column":30},"end":{"line":14,"column":45}},"2":{"start":{"line":15,"column":27},"end":{"line":15,"column":43}},"3":{"start":{"line":18,"column":26},"end":{"line":20,"column":13}},"4":{"start":{"line":22,"column":13},"end":{"line":32,"column":4}},"5":{"start":{"line":23,"column":19},"end":{"line":23,"column":47}},"6":{"start":{"line":25,"column":2},"end":{"line":27,"column":3}},"7":{"start":{"line":26,"column":4},"end":{"line":26,"column":29}},"8":{"start":{"line":28,"column":2},"end":{"line":28,"column":75}},"9":{"start":{"line":28,"column":46},"end":{"line":28,"column":75}},"10":{"start":{"line":29,"column":2},"end":{"line":29,"column":68}},"11":{"start":{"line":29,"column":42},"end":{"line":29,"column":68}},"12":{"start":{"line":31,"column":2},"end":{"line":31,"column":47}},"13":{"start":{"line":37,"column":28},"end":{"line":37,"column":48}},"14":{"start":{"line":39,"column":12},"end":{"line":45,"column":2}},"15":{"start":{"line":47,"column":30},"end":{"line":61,"column":1}},"16":{"start":{"line":48,"column":2},"end":{"line":60,"column":3}},"17":{"start":{"line":49,"column":4},"end":{"line":49,"column":59}},"18":{"start":{"line":50,"column":21},"end":{"line":50,"column":45}},"19":{"start":{"line":51,"column":4},"end":{"line":51,"column":48}},"20":{"start":{"line":53,"column":4},"end":{"line":53,"column":50}},"21":{"start":{"line":55,"column":4},"end":{"line":55,"column":38}},"22":{"start":{"line":56,"column":25},"end":{"line":56,"column":81}},"23":{"start":{"line":57,"column":4},"end":{"line":57,"column":48}},"24":{"start":{"line":59,"column":4},"end":{"line":59,"column":51}}},"fnMap":{"0":{"name":"(anonymous_0)","decl":{"start":{"line":22,"column":14},"end":{"line":22,"column":15}},"loc":{"start":{"line":22,"column":20},"end":{"line":32,"column":1}},"line":22},"1":{"name":"(anonymous_1)","decl":{"start":{"line":47,"column":30},"end":{"line":47,"column":31}},"loc":{"start":{"line":47,"column":42},"end":{"line":61,"column":1}},"line":47}},"branchMap":{"0":{"loc":{"start":{"line":12,"column":16},"end":{"line":12,"column":105}},"type":"binary-expr","locations":[{"start":{"line":12,"column":17},"end":{"line":12,"column":90}},{"start":{"line":12,"column":96},"end":{"line":12,"column":105}}],"line":12},"1":{"loc":{"start":{"line":12,"column":18},"end":{"line":12,"column":76}},"type":"binary-expr","locations":[{"start":{"line":12,"column":18},"end":{"line":12,"column":39}},{"start":{"line":12,"column":43},"end":{"line":12,"column":70}},{"start":{"line":12,"column":74},"end":{"line":12,"column":76}}],"line":12},"2":{"loc":{"start":{"line":18,"column":26},"end":{"line":20,"column":13}},"type":"cond-expr","locations":[{"start":{"line":19,"column":5},"end":{"line":19,"column":56}},{"start":{"line":20,"column":4},"end":{"line":20,"column":13}}],"line":18},"3":{"loc":{"start":{"line":18,"column":26},"end":{"line":18,"column":75}},"type":"binary-expr","locations":[{"start":{"line":18,"column":26},"end":{"line":18,"column":53}},{"start":{"line":18,"column":57},"end":{"line":18,"column":75}}],"line":18},"4":{"loc":{"start":{"line":19,"column":5},"end":{"line":19,"column":56}},"type":"cond-expr","locations":[{"start":{"line":19,"column":29},"end":{"line":19,"column":36}},{"start":{"line":19,"column":39},"end":{"line":19,"column":56}}],"line":19},"5":{"loc":{"start":{"line":23,"column":19},"end":{"line":23,"column":47}},"type":"binary-expr","locations":[{"start":{"line":23,"column":19},"end":{"line":23,"column":38}},{"start":{"line":23,"column":42},"end":{"line":23,"column":47}}],"line":23},"6":{"loc":{"start":{"line":25,"column":2},"end":{"line":27,"column":3}},"type":"if","locations":[{"start":{"line":25,"column":2},"end":{"line":27,"column":3}},{"start":{},"end":{}}],"line":25},"7":{"loc":{"start":{"line":25,"column":6},"end":{"line":25,"column":62}},"type":"binary-expr","locations":[{"start":{"line":25,"column":6},"end":{"line":25,"column":23}},{"start":{"line":25,"column":28},"end":{"line":25,"column":49}},{"start":{"line":25,"column":53},"end":{"line":25,"column":61}}],"line":25},"8":{"loc":{"start":{"line":28,"column":2},"end":{"line":28,"column":75}},"type":"if","locations":[{"start":{"line":28,"column":2},"end":{"line":28,"column":75}},{"start":{},"end":{}}],"line":28},"9":{"loc":{"start":{"line":28,"column":6},"end":{"line":28,"column":44}},"type":"binary-expr","locations":[{"start":{"line":28,"column":6},"end":{"line":28,"column":31}},{"start":{"line":28,"column":35},"end":{"line":28,"column":44}}],"line":28},"10":{"loc":{"start":{"line":29,"column":2},"end":{"line":29,"column":68}},"type":"if","locations":[{"start":{"line":29,"column":2},"end":{"line":29,"column":68}},{"start":{},"end":{}}],"line":29},"11":{"loc":{"start":{"line":29,"column":6},"end":{"line":29,"column":40}},"type":"binary-expr","locations":[{"start":{"line":29,"column":6},"end":{"line":29,"column":27}},{"start":{"line":29,"column":31},"end":{"line":29,"column":40}}],"line":29},"12":{"loc":{"start":{"line":31,"column":9},"end":{"line":31,"column":46}},"type":"binary-expr","locations":[{"start":{"line":31,"column":9},"end":{"line":31,"column":26}},{"start":{"line":31,"column":30},"end":{"line":31,"column":46}}],"line":31},"13":{"loc":{"start":{"line":56,"column":25},"end":{"line":56,"column":81}},"type":"cond-expr","locations":[{"start":{"line":56,"column":50},"end":{"line":56,"column":63}},{"start":{"line":56,"column":66},"end":{"line":56,"column":81}}],"line":56}},"s":{"0":4,"1":4,"2":4,"3":4,"4":4,"5":4,"6":4,"7":1,"8":3,"9":1,"10":2,"11":2,"12":0,"13":4,"14":4,"15":4,"16":2,"17":2,"18":2,"19":1,"20":1,"21":1,"22":1,"23":1,"24":1},"f":{"0":4,"1":2},"b":{"0":[4,3],"1":[4,0,0],"2":[1,3],"3":[4,1],"4":[0,1],"5":[4,0],"6":[1,3],"7":[4,1,0],"8":[1,2],"9":[3,1],"10":[2,0],"11":[2,2],"12":[0,0],"13":[1,0]},"_coverageSchema":"1a1c01bbd47fc00a2c39e90264f33305004495a9","hash":"df46f1e869a1efbcd99ad0e52e11e1a965b07c32"}
,"C:\\Users\\Leon\\Documents\\GitHub\\SOEN-390-MakeSoft\\mobile-app\\src\\data\\buildingPolygons.ts": {"path":"C:\\Users\\Leon\\Documents\\GitHub\\SOEN-390-MakeSoft\\mobile-app\\src\\data\\buildingPolygons.ts","statementMap":{"0":{"start":{"line":5,"column":33},"end":{"line":2532,"column":10}}},"fnMap":{},"branchMap":{},"s":{"0":1},"f":{},"b":{},"_coverageSchema":"1a1c01bbd47fc00a2c39e90264f33305004495a9","hash":"92d4b1286310e225125e11dac422af619cbd3b86"}
}
