TN:
SF:expo-env.d.ts
FNF:0
FNH:0
LF:0
LH:0
BRF:0
BRH:0
end_of_record
TN:
SF:tamagui.config.ts
FNF:0
FNH:0
LF:0
LH:0
BRF:0
BRH:0
end_of_record
TN:
SF:.expo\types\router.d.ts
FNF:0
FNH:0
LF:0
LH:0
BRF:0
BRH:0
end_of_record
TN:
SF:app\_layout.tsx
FN:7,RootLayout
FNF:1
FNH:1
FNDA:1,RootLayout
DA:8,1
LF:1
LH:1
BRF:0
BRH:0
end_of_record
TN:
SF:app\index.tsx
FN:6,WelcomeScreen
FN:56,(anonymous_1)
FNF:2
FNH:2
FNDA:4,WelcomeScreen
FNDA:2,(anonymous_1)
DA:7,4
DA:9,4
DA:56,2
LF:3
LH:3
BRF:0
BRH:0
end_of_record
TN:
SF:app\menu.tsx
FN:8,MenuScreen
FN:30,(anonymous_1)
FNF:2
FNH:2
FNDA:3,MenuScreen
FNDA:1,(anonymous_1)
DA:9,3
DA:10,3
DA:11,3
DA:12,3
DA:14,3
DA:17,3
DA:18,3
DA:20,3
DA:30,1
LF:9
LH:9
BRDA:14,0,0,2
BRDA:14,0,1,1
BRDA:17,1,0,2
BRDA:17,1,1,1
BRDA:18,2,0,1
BRDA:18,2,1,2
BRDA:37,3,0,2
BRDA:37,3,1,1
BRDA:51,4,0,2
BRDA:51,4,1,1
BRF:10
BRH:10
end_of_record
TN:
SF:app\(tabs)\Map.tsx
FN:4,Map
FNF:1
FNH:1
FNDA:1,Map
DA:5,1
LF:1
LH:1
BRF:0
BRH:0
end_of_record
TN:
SF:app\(tabs)\_layout.tsx
FN:4,TabsLayout
FNF:1
FNH:1
FNDA:1,TabsLayout
DA:5,1
LF:1
LH:1
BRF:0
BRH:0
end_of_record
TN:
SF:components\CampusSwitch.tsx
FN:10,CampusSwitch
FN:17,(anonymous_1)
FN:27,(anonymous_2)
FNF:3
FNH:3
FNDA:23,CampusSwitch
FNDA:1,(anonymous_1)
FNDA:1,(anonymous_2)
DA:11,23
DA:12,23
DA:14,23
DA:17,1
DA:27,1
DA:40,2
LF:6
LH:6
BRDA:12,0,0,23
BRDA:12,0,1,0
BRDA:21,1,0,23
BRDA:21,1,1,21
BRDA:24,2,0,23
BRDA:24,2,1,21
BRDA:31,3,0,23
BRDA:31,3,1,2
BRDA:34,4,0,23
BRDA:34,4,1,2
BRF:10
BRH:9
end_of_record
TN:
SF:components\MapScreen.tsx
FN:22,MapScreen
FN:76,(anonymous_1)
FN:78,(anonymous_2)
FN:81,(anonymous_3)
FN:100,(anonymous_4)
FN:107,(anonymous_5)
FN:117,(anonymous_6)
FN:121,(anonymous_7)
FN:121,(anonymous_8)
FN:126,(anonymous_9)
FN:128,(anonymous_10)
FN:134,(anonymous_11)
FN:138,(anonymous_12)
FN:144,(anonymous_13)
FN:149,(anonymous_14)
FN:153,(anonymous_15)
FN:164,(anonymous_16)
FN:165,(anonymous_17)
FN:175,(anonymous_18)
FN:208,(anonymous_19)
FN:227,(anonymous_20)
FN:252,(anonymous_21)
FN:263,(anonymous_22)
FN:267,(anonymous_23)
FN:300,(anonymous_24)
FN:423,(anonymous_25)
FN:426,(anonymous_26)
FN:436,(anonymous_27)
FN:452,isPointInPolygon
FN:475,polygonCentroid
FN:478,(anonymous_30)
FN:484,formatAddress
FN:489,normalizeLabel
FN:493,toRgba
FN:496,(anonymous_34)
FNF:35
FNH:26
FNDA:18,MapScreen
FNDA:0,(anonymous_1)
FNDA:0,(anonymous_2)
FNDA:7,(anonymous_3)
FNDA:7,(anonymous_4)
FNDA:406,(anonymous_5)
FNDA:406,(anonymous_6)
FNDA:7,(anonymous_7)
FNDA:406,(anonymous_8)
FNDA:9,(anonymous_9)
FNDA:116,(anonymous_10)
FNDA:1,(anonymous_11)
FNDA:4,(anonymous_12)
FNDA:1,(anonymous_13)
FNDA:0,(anonymous_14)
FNDA:13,(anonymous_15)
FNDA:7,(anonymous_16)
FNDA:7,(anonymous_17)
FNDA:6,(anonymous_18)
FNDA:116,(anonymous_19)
FNDA:0,(anonymous_20)
FNDA:1044,(anonymous_21)
FNDA:0,(anonymous_22)
FNDA:0,(anonymous_23)
FNDA:18,(anonymous_24)
FNDA:0,(anonymous_25)
FNDA:18,(anonymous_26)
FNDA:0,(anonymous_27)
FNDA:232,isPointInPolygon
FNDA:1044,polygonCentroid
FNDA:17928,(anonymous_30)
FNDA:406,formatAddress
FNDA:693,normalizeLabel
FNDA:36,toRgba
FNDA:0,(anonymous_34)
DA:23,18
DA:24,18
DA:25,18
DA:26,18
DA:27,18
DA:29,18
DA:30,18
DA:32,18
DA:33,18
DA:34,18
DA:37,18
DA:41,18
DA:46,18
DA:47,18
DA:49,18
DA:50,18
DA:52,18
DA:53,0
DA:54,0
DA:56,0
DA:57,0
DA:59,18
DA:60,0
DA:61,0
DA:64,18
DA:65,18
DA:67,18
DA:68,18
DA:72,18
DA:73,18
DA:76,18
DA:77,0
DA:78,0
DA:81,18
DA:82,7
DA:83,7
DA:84,252
DA:88,252
DA:89,28
DA:90,35
DA:97,7
DA:100,18
DA:101,7
DA:106,7
DA:108,406
DA:109,406
DA:110,406
DA:111,0
DA:113,406
DA:115,406
DA:117,406
DA:120,18
DA:121,406
DA:126,18
DA:127,9
DA:128,2
DA:129,116
DA:134,18
DA:135,1
DA:138,18
DA:139,4
DA:144,1
DA:149,18
DA:150,0
DA:153,18
DA:154,13
DA:155,13
DA:157,6
DA:158,6
DA:160,4
DA:161,4
DA:164,18
DA:165,7
DA:166,7
DA:167,7
DA:169,0
DA:175,18
DA:176,6
DA:177,6
DA:178,6
DA:179,6
DA:180,2
DA:181,2
DA:184,4
DA:188,2
DA:193,2
DA:195,2
DA:196,2
DA:208,2
DA:209,116
DA:212,2
DA:213,0
DA:214,0
DA:216,2
DA:220,1
DA:221,1
DA:223,5
DA:227,18
DA:228,0
DA:229,0
DA:230,0
DA:233,0
DA:237,18
DA:253,1044
DA:254,1044
DA:255,1044
DA:263,0
DA:267,0
DA:300,18
DA:423,0
DA:427,18
DA:428,18
DA:429,18
DA:430,0
DA:431,0
DA:432,0
DA:435,18
DA:436,0
DA:456,232
DA:458,232
DA:459,3984
DA:460,3984
DA:461,3984
DA:462,3984
DA:465,3984
DA:469,3984
DA:472,232
DA:476,1044
DA:477,1044
DA:478,17928
DA:481,1044
DA:485,406
DA:486,406
DA:490,693
DA:494,36
DA:495,36
DA:496,36
DA:497,36
DA:498,36
DA:499,36
DA:500,36
DA:501,36
DA:504,1
LF:143
LH:119
BRDA:37,0,0,18
BRDA:37,0,1,0
BRDA:41,1,0,18
BRDA:41,1,1,0
BRDA:52,2,0,0
BRDA:52,2,1,18
BRDA:53,3,0,0
BRDA:53,3,1,0
BRDA:56,4,0,0
BRDA:56,4,1,0
BRDA:59,5,0,0
BRDA:59,5,1,18
BRDA:64,6,0,18
BRDA:64,6,1,0
BRDA:64,7,0,18
BRDA:64,7,1,18
BRDA:67,8,0,18
BRDA:67,8,1,0
BRDA:67,9,0,18
BRDA:67,9,1,18
BRDA:88,10,0,28
BRDA:88,10,1,224
BRDA:110,11,0,0
BRDA:110,11,1,406
BRDA:110,12,0,406
BRDA:110,12,1,21
BRDA:115,13,0,406
BRDA:115,13,1,21
BRDA:121,14,0,7
BRDA:121,14,1,7
BRDA:127,15,0,7
BRDA:127,15,1,2
BRDA:155,16,0,7
BRDA:155,16,1,6
BRDA:158,17,0,2
BRDA:158,17,1,4
BRDA:179,18,0,2
BRDA:179,18,1,4
BRDA:195,19,0,2
BRDA:195,19,1,0
BRDA:212,20,0,0
BRDA:212,20,1,2
BRDA:229,21,0,0
BRDA:229,21,1,0
BRDA:230,22,0,0
BRDA:230,22,1,0
BRDA:250,23,0,18
BRDA:250,23,1,2
BRDA:260,24,0,0
BRDA:260,24,1,1044
BRDA:276,25,0,18
BRDA:276,25,1,2
BRDA:276,25,2,0
BRDA:311,26,0,0
BRDA:311,26,1,18
BRDA:320,27,0,18
BRDA:320,27,1,0
BRDA:408,28,0,6
BRDA:408,28,1,12
BRDA:411,29,0,6
BRDA:411,29,1,12
BRDA:429,30,0,0
BRDA:429,30,1,18
BRDA:431,31,0,0
BRDA:431,31,1,0
BRDA:465,32,0,3984
BRDA:465,32,1,0
BRDA:469,33,0,0
BRDA:469,33,1,3984
BRDA:476,34,0,0
BRDA:476,34,1,1044
BRDA:486,35,0,385
BRDA:486,35,1,21
BRDA:494,36,0,0
BRDA:494,36,1,36
BRDA:496,37,0,0
BRDA:496,37,1,36
BRDA:497,38,0,0
BRDA:497,38,1,36
BRF:79
BRH:49
end_of_record
TN:
SF:components\SearchBar.tsx
FN:11,SearchBar
FNF:1
FNH:1
FNDA:21,SearchBar
DA:12,21
DA:26,2
LF:2
LH:2
BRDA:11,0,0,1
BRF:1
BRH:1
end_of_record
TN:
SF:components\themed-text.tsx
FN:8,ThemedText
FNF:1
FNH:1
FNDA:2,ThemedText
DA:9,2
LF:1
LH:1
BRF:0
BRH:0
end_of_record
TN:
SF:components\themed-view.tsx
FN:4,ThemedView
FNF:1
FNH:1
FNDA:3,ThemedView
DA:5,3
LF:1
LH:1
BRF:0
BRH:0
end_of_record
TN:
SF:components\ui\collapsible.tsx
FN:10,Collapsible
FN:18,(anonymous_1)
FN:18,(anonymous_2)
FNF:3
FNH:3
FNDA:2,Collapsible
FNDA:1,(anonymous_1)
FNDA:1,(anonymous_2)
DA:11,2
DA:12,2
DA:14,2
DA:18,1
DA:35,1
LF:5
LH:5
BRDA:12,0,0,2
BRDA:12,0,1,0
BRDA:24,1,0,2
BRDA:24,1,1,0
BRDA:25,2,0,1
BRDA:25,2,1,1
BRDA:30,3,0,2
BRDA:30,3,1,1
BRF:8
BRH:6
end_of_record
TN:
SF:components\ui\icon-symbol.ios.tsx
FN:5,IconSymbol
FNF:1
FNH:1
FNDA:1,IconSymbol
DA:18,1
LF:1
LH:1
BRDA:7,0,0,0
BRDA:10,1,0,1
BRF:2
BRH:1
end_of_record
TN:
SF:components\ui\icon-symbol.tsx
FN:28,IconSymbol
FNF:1
FNH:1
FNDA:1,IconSymbol
DA:16,1
DA:40,1
LF:2
LH:2
BRDA:30,0,0,1
BRF:1
BRH:1
end_of_record
TN:
SF:constants\theme.ts
FNF:0
FNH:0
DA:8,2
DA:9,2
DA:11,2
DA:30,2
LF:4
LH:4
BRF:0
BRH:0
end_of_record
TN:
SF:context\settings.tsx
FN:10,SettingsProvider
FN:14,(anonymous_1)
FN:21,useSettings
FNF:3
FNH:3
FNDA:9,SettingsProvider
FNDA:9,(anonymous_1)
FNDA:22,useSettings
DA:8,3
DA:11,9
DA:13,9
DA:14,9
DA:18,9
DA:22,22
DA:23,21
DA:24,2
DA:26,19
LF:9
LH:9
BRDA:23,0,0,2
BRDA:23,0,1,19
BRF:2
BRH:2
end_of_record
TN:
SF:data\building-addresses.ts
FNF:0
FNH:0
DA:10,1
LF:1
LH:1
BRF:0
BRH:0
end_of_record
TN:
SF:data\buildingPolygons.ts
FNF:0
FNH:0
DA:1,1
LF:1
LH:1
BRF:0
BRH:0
end_of_record
TN:
SF:data\buildingPolygonsLoyola.ts
FNF:0
FNH:0
DA:5,1
LF:1
LH:1
BRF:0
BRH:0
end_of_record
TN:
SF:hooks\use-color-scheme.ts
FNF:0
FNH:0
LF:0
LH:0
BRF:0
BRH:0
end_of_record
TN:
SF:hooks\use-color-scheme.web.ts
FN:7,useColorScheme
FN:10,(anonymous_1)
FNF:2
FNH:2
FNDA:2,useColorScheme
FNDA:1,(anonymous_1)
DA:8,2
DA:10,2
DA:11,1
DA:14,2
DA:16,2
DA:17,1
DA:20,1
LF:7
LH:7
BRDA:16,0,0,1
BRDA:16,0,1,1
BRF:2
BRH:2
end_of_record
TN:
SF:hooks\use-theme-color.ts
FN:9,useThemeColor
FNF:1
FNH:1
FNDA:2,useThemeColor
DA:13,2
DA:14,2
DA:16,2
DA:17,2
DA:19,0
LF:5
LH:4
BRDA:13,0,0,2
BRDA:13,0,1,0
BRDA:16,1,0,2
BRDA:16,1,1,0
BRF:4
BRH:2
end_of_record
TN:
SF:services\api.ts
FN:22,(anonymous_0)
FN:47,(anonymous_1)
FNF:2
FNH:2
FNDA:4,(anonymous_0)
FNDA:2,(anonymous_1)
DA:12,4
DA:14,4
DA:15,4
DA:18,4
DA:22,4
DA:23,4
DA:25,4
DA:26,1
DA:28,3
DA:29,2
DA:31,0
DA:37,4
DA:39,4
DA:47,4
DA:48,2
DA:49,2
DA:50,2
DA:51,1
DA:53,1
DA:55,1
DA:56,1
DA:57,1
DA:59,1
LF:23
LH:22
BRDA:12,0,0,4
BRDA:12,0,1,3
BRDA:12,1,0,4
BRDA:12,1,1,0
BRDA:12,1,2,0
BRDA:18,2,0,1
BRDA:18,2,1,3
BRDA:18,3,0,4
BRDA:18,3,1,1
BRDA:19,4,0,0
BRDA:19,4,1,1
BRDA:23,5,0,4
BRDA:23,5,1,0
BRDA:25,6,0,1
BRDA:25,6,1,3
BRDA:25,7,0,4
BRDA:25,7,1,1
BRDA:25,7,2,0
BRDA:28,8,0,1
BRDA:28,8,1,2
BRDA:28,9,0,3
BRDA:28,9,1,1
BRDA:29,10,0,2
BRDA:29,10,1,0
BRDA:29,11,0,2
BRDA:29,11,1,2
BRDA:31,12,0,0
BRDA:31,12,1,0
BRDA:56,13,0,1
BRDA:56,13,1,0
BRF:30
BRH:21
end_of_record
TN:
SF:src\data\buildingPolygons.ts
FNF:0
FNH:0
DA:5,1
LF:1
LH:1
BRF:0
BRH:0
end_of_record
